<?xml version="1.0" encoding="UTF-8"?>
<robot generator="Robot 5.0.1 (Python 3.10.7 on win32)" generated="20221013 10:07:57.585" rpa="true" schemaversion="3">
<suite id="s1" name="InputForms" source="C:\development\robot-scripts\input-forms\tests\InputForms.robot">
<test id="s1-t1" name="Input Forms" line="12">
<kw name="Begin Web Test" library="Common" type="SETUP">
<kw name="Open Browser" library="SeleniumLibrary">
<arg>about:blank</arg>
<arg>${BROWSER}</arg>
<doc>Opens a new browser instance to the optional ``url``.</doc>
<msg timestamp="20221013 10:07:58.179" level="INFO">Opening browser 'firefox' to base url 'about:blank'.</msg>
<msg timestamp="20221013 10:07:58.179" level="INFO">Firefox driver log is always forced to to: C:\development\robot-scripts\input-forms\results\geckodriver-1.log</msg>
<status status="PASS" starttime="20221013 10:07:58.179" endtime="20221013 10:08:04.813"/>
</kw>
<kw name="Open Excel File" library="ExcelProcessing">
<kw name="Open Excel Document" library="ExcelLibrary">
<arg>filename=${FILE_PATH}</arg>
<arg>doc_id=1</arg>
<doc>Opens xlsx document file.</doc>
<status status="PASS" starttime="20221013 10:08:04.813" endtime="20221013 10:08:04.898"/>
</kw>
<status status="PASS" starttime="20221013 10:08:04.813" endtime="20221013 10:08:04.898"/>
</kw>
<status status="PASS" starttime="20221013 10:07:58.179" endtime="20221013 10:08:04.898"/>
</kw>
<kw name="Load Input Page And Verify" library="InputApp">
<kw name="Load Page" library="InputPage">
<kw name="Go To" library="SeleniumLibrary">
<arg>${START_URL}</arg>
<doc>Navigates the current browser window to the provided ``url``.</doc>
<msg timestamp="20221013 10:08:04.898" level="INFO">Opening url 'https://www.rpachallenge.com'</msg>
<status status="PASS" starttime="20221013 10:08:04.898" endtime="20221013 10:08:07.199"/>
</kw>
<status status="PASS" starttime="20221013 10:08:04.898" endtime="20221013 10:08:07.199"/>
</kw>
<kw name="Verify Input Page Loaded" library="InputPage">
<kw name="Wait Until Page Contains Element" library="SeleniumLibrary">
<arg>${ADDRESS_INPUT}</arg>
<arg>timeout=15s</arg>
<doc>Waits until the element ``locator`` appears on the current page.</doc>
<status status="PASS" starttime="20221013 10:08:07.199" endtime="20221013 10:08:07.231"/>
</kw>
<kw name="Wait Until Page Contains Element" library="SeleniumLibrary">
<arg>${COMPANY_INPUT}</arg>
<arg>timeout=15s</arg>
<doc>Waits until the element ``locator`` appears on the current page.</doc>
<status status="PASS" starttime="20221013 10:08:07.231" endtime="20221013 10:08:07.239"/>
</kw>
<kw name="Wait Until Page Contains Element" library="SeleniumLibrary">
<arg>${EMAIL_INPUT}</arg>
<arg>timeout=15s</arg>
<doc>Waits until the element ``locator`` appears on the current page.</doc>
<status status="PASS" starttime="20221013 10:08:07.239" endtime="20221013 10:08:07.247"/>
</kw>
<kw name="Wait Until Page Contains Element" library="SeleniumLibrary">
<arg>${FIRST_NAME_INPUT}</arg>
<arg>timeout=15s</arg>
<doc>Waits until the element ``locator`` appears on the current page.</doc>
<status status="PASS" starttime="20221013 10:08:07.247" endtime="20221013 10:08:07.255"/>
</kw>
<kw name="Wait Until Page Contains Element" library="SeleniumLibrary">
<arg>${LAST_NAME_INPUT}</arg>
<arg>timeout=15s</arg>
<doc>Waits until the element ``locator`` appears on the current page.</doc>
<status status="PASS" starttime="20221013 10:08:07.255" endtime="20221013 10:08:07.255"/>
</kw>
<kw name="Wait Until Page Contains Element" library="SeleniumLibrary">
<arg>${PHONE_INPUT}</arg>
<arg>timeout=15s</arg>
<doc>Waits until the element ``locator`` appears on the current page.</doc>
<status status="PASS" starttime="20221013 10:08:07.263" endtime="20221013 10:08:07.271"/>
</kw>
<kw name="Wait Until Page Contains Element" library="SeleniumLibrary">
<arg>${ROLE_INPUT}</arg>
<arg>timeout=15s</arg>
<doc>Waits until the element ``locator`` appears on the current page.</doc>
<status status="PASS" starttime="20221013 10:08:07.271" endtime="20221013 10:08:07.271"/>
</kw>
<status status="PASS" starttime="20221013 10:08:07.199" endtime="20221013 10:08:07.271"/>
</kw>
<status status="PASS" starttime="20221013 10:08:04.898" endtime="20221013 10:08:07.271"/>
</kw>
<kw name="Read And Enter Data" library="InputApp">
<for flavor="IN RANGE">
<var>${ITERATION_VALUE}</var>
<value>2</value>
<value>12</value>
<iter>
<var name="${ITERATION_VALUE}">2</var>
<kw name="Loop And Read Through Cells And Append List" library="ExcelProcessing">
<arg>${ITERATION_VALUE}</arg>
<for flavor="IN">
<var>${row}</var>
<value>${iteration}</value>
<iter>
<var name="${row}">2</var>
<for flavor="IN RANGE">
<var>${col}</var>
<value>1</value>
<value>8</value>
<iter>
<var name="${col}">1</var>
<kw name="Read Excel Cells" library="ExcelProcessing">
<arg>${row}</arg>
<arg>${col}</arg>
<kw name="Read Excel Cell" library="ExcelLibrary">
<var>${CELL_VALUE}</var>
<arg>row_num=${row}</arg>
<arg>col_num=${col}</arg>
<doc>Returns content of a cell.</doc>
<msg timestamp="20221013 10:08:07.279" level="INFO">${CELL_VALUE} = John</msg>
<status status="PASS" starttime="20221013 10:08:07.279" endtime="20221013 10:08:07.279"/>
</kw>
<kw name="Set Suite Variable" library="BuiltIn">
<arg>${CELL_VALUE}</arg>
<doc>Makes a variable available everywhere within the scope of the current suite.</doc>
<msg timestamp="20221013 10:08:07.279" level="INFO">${CELL_VALUE} = John</msg>
<status status="PASS" starttime="20221013 10:08:07.279" endtime="20221013 10:08:07.279"/>
</kw>
<status status="PASS" starttime="20221013 10:08:07.279" endtime="20221013 10:08:07.279"/>
</kw>
<kw name="Log" library="BuiltIn">
<arg>${CELL_VALUE}</arg>
<arg>console=yes</arg>
<doc>Logs the given message with the given level.</doc>
<msg timestamp="20221013 10:08:07.279" level="INFO">John</msg>
<status status="PASS" starttime="20221013 10:08:07.279" endtime="20221013 10:08:07.279"/>
</kw>
<kw name="Append To List" library="Collections">
<arg>${INPUT_DATA}</arg>
<arg>${CELL_VALUE}</arg>
<doc>Adds ``values`` to the end of ``list``.</doc>
<status status="PASS" starttime="20221013 10:08:07.279" endtime="20221013 10:08:07.287"/>
</kw>
<status status="PASS" starttime="20221013 10:08:07.279" endtime="20221013 10:08:07.287"/>
</iter>
<iter>
<var name="${col}">2</var>
<kw name="Read Excel Cells" library="ExcelProcessing">
<arg>${row}</arg>
<arg>${col}</arg>
<kw name="Read Excel Cell" library="ExcelLibrary">
<var>${CELL_VALUE}</var>
<arg>row_num=${row}</arg>
<arg>col_num=${col}</arg>
<doc>Returns content of a cell.</doc>
<msg timestamp="20221013 10:08:07.287" level="INFO">${CELL_VALUE} = Smith</msg>
<status status="PASS" starttime="20221013 10:08:07.287" endtime="20221013 10:08:07.287"/>
</kw>
<kw name="Set Suite Variable" library="BuiltIn">
<arg>${CELL_VALUE}</arg>
<doc>Makes a variable available everywhere within the scope of the current suite.</doc>
<msg timestamp="20221013 10:08:07.287" level="INFO">${CELL_VALUE} = Smith</msg>
<status status="PASS" starttime="20221013 10:08:07.287" endtime="20221013 10:08:07.287"/>
</kw>
<status status="PASS" starttime="20221013 10:08:07.287" endtime="20221013 10:08:07.287"/>
</kw>
<kw name="Log" library="BuiltIn">
<arg>${CELL_VALUE}</arg>
<arg>console=yes</arg>
<doc>Logs the given message with the given level.</doc>
<msg timestamp="20221013 10:08:07.287" level="INFO">Smith</msg>
<status status="PASS" starttime="20221013 10:08:07.287" endtime="20221013 10:08:07.287"/>
</kw>
<kw name="Append To List" library="Collections">
<arg>${INPUT_DATA}</arg>
<arg>${CELL_VALUE}</arg>
<doc>Adds ``values`` to the end of ``list``.</doc>
<status status="PASS" starttime="20221013 10:08:07.287" endtime="20221013 10:08:07.287"/>
</kw>
<status status="PASS" starttime="20221013 10:08:07.287" endtime="20221013 10:08:07.287"/>
</iter>
<iter>
<var name="${col}">3</var>
<kw name="Read Excel Cells" library="ExcelProcessing">
<arg>${row}</arg>
<arg>${col}</arg>
<kw name="Read Excel Cell" library="ExcelLibrary">
<var>${CELL_VALUE}</var>
<arg>row_num=${row}</arg>
<arg>col_num=${col}</arg>
<doc>Returns content of a cell.</doc>
<msg timestamp="20221013 10:08:07.287" level="INFO">${CELL_VALUE} = IT Solutions</msg>
<status status="PASS" starttime="20221013 10:08:07.287" endtime="20221013 10:08:07.287"/>
</kw>
<kw name="Set Suite Variable" library="BuiltIn">
<arg>${CELL_VALUE}</arg>
<doc>Makes a variable available everywhere within the scope of the current suite.</doc>
<msg timestamp="20221013 10:08:07.287" level="INFO">${CELL_VALUE} = IT Solutions</msg>
<status status="PASS" starttime="20221013 10:08:07.287" endtime="20221013 10:08:07.287"/>
</kw>
<status status="PASS" starttime="20221013 10:08:07.287" endtime="20221013 10:08:07.295"/>
</kw>
<kw name="Log" library="BuiltIn">
<arg>${CELL_VALUE}</arg>
<arg>console=yes</arg>
<doc>Logs the given message with the given level.</doc>
<msg timestamp="20221013 10:08:07.295" level="INFO">IT Solutions</msg>
<status status="PASS" starttime="20221013 10:08:07.295" endtime="20221013 10:08:07.295"/>
</kw>
<kw name="Append To List" library="Collections">
<arg>${INPUT_DATA}</arg>
<arg>${CELL_VALUE}</arg>
<doc>Adds ``values`` to the end of ``list``.</doc>
<status status="PASS" starttime="20221013 10:08:07.295" endtime="20221013 10:08:07.295"/>
</kw>
<status status="PASS" starttime="20221013 10:08:07.287" endtime="20221013 10:08:07.295"/>
</iter>
<iter>
<var name="${col}">4</var>
<kw name="Read Excel Cells" library="ExcelProcessing">
<arg>${row}</arg>
<arg>${col}</arg>
<kw name="Read Excel Cell" library="ExcelLibrary">
<var>${CELL_VALUE}</var>
<arg>row_num=${row}</arg>
<arg>col_num=${col}</arg>
<doc>Returns content of a cell.</doc>
<msg timestamp="20221013 10:08:07.295" level="INFO">${CELL_VALUE} = Analyst</msg>
<status status="PASS" starttime="20221013 10:08:07.295" endtime="20221013 10:08:07.295"/>
</kw>
<kw name="Set Suite Variable" library="BuiltIn">
<arg>${CELL_VALUE}</arg>
<doc>Makes a variable available everywhere within the scope of the current suite.</doc>
<msg timestamp="20221013 10:08:07.295" level="INFO">${CELL_VALUE} = Analyst</msg>
<status status="PASS" starttime="20221013 10:08:07.295" endtime="20221013 10:08:07.295"/>
</kw>
<status status="PASS" starttime="20221013 10:08:07.295" endtime="20221013 10:08:07.295"/>
</kw>
<kw name="Log" library="BuiltIn">
<arg>${CELL_VALUE}</arg>
<arg>console=yes</arg>
<doc>Logs the given message with the given level.</doc>
<msg timestamp="20221013 10:08:07.295" level="INFO">Analyst</msg>
<status status="PASS" starttime="20221013 10:08:07.295" endtime="20221013 10:08:07.295"/>
</kw>
<kw name="Append To List" library="Collections">
<arg>${INPUT_DATA}</arg>
<arg>${CELL_VALUE}</arg>
<doc>Adds ``values`` to the end of ``list``.</doc>
<status status="PASS" starttime="20221013 10:08:07.295" endtime="20221013 10:08:07.295"/>
</kw>
<status status="PASS" starttime="20221013 10:08:07.295" endtime="20221013 10:08:07.295"/>
</iter>
<iter>
<var name="${col}">5</var>
<kw name="Read Excel Cells" library="ExcelProcessing">
<arg>${row}</arg>
<arg>${col}</arg>
<kw name="Read Excel Cell" library="ExcelLibrary">
<var>${CELL_VALUE}</var>
<arg>row_num=${row}</arg>
<arg>col_num=${col}</arg>
<doc>Returns content of a cell.</doc>
<msg timestamp="20221013 10:08:07.295" level="INFO">${CELL_VALUE} = 98 North Road</msg>
<status status="PASS" starttime="20221013 10:08:07.295" endtime="20221013 10:08:07.295"/>
</kw>
<kw name="Set Suite Variable" library="BuiltIn">
<arg>${CELL_VALUE}</arg>
<doc>Makes a variable available everywhere within the scope of the current suite.</doc>
<msg timestamp="20221013 10:08:07.295" level="INFO">${CELL_VALUE} = 98 North Road</msg>
<status status="PASS" starttime="20221013 10:08:07.295" endtime="20221013 10:08:07.295"/>
</kw>
<status status="PASS" starttime="20221013 10:08:07.295" endtime="20221013 10:08:07.295"/>
</kw>
<kw name="Log" library="BuiltIn">
<arg>${CELL_VALUE}</arg>
<arg>console=yes</arg>
<doc>Logs the given message with the given level.</doc>
<msg timestamp="20221013 10:08:07.295" level="INFO">98 North Road</msg>
<status status="PASS" starttime="20221013 10:08:07.295" endtime="20221013 10:08:07.295"/>
</kw>
<kw name="Append To List" library="Collections">
<arg>${INPUT_DATA}</arg>
<arg>${CELL_VALUE}</arg>
<doc>Adds ``values`` to the end of ``list``.</doc>
<status status="PASS" starttime="20221013 10:08:07.295" endtime="20221013 10:08:07.295"/>
</kw>
<status status="PASS" starttime="20221013 10:08:07.295" endtime="20221013 10:08:07.295"/>
</iter>
<iter>
<var name="${col}">6</var>
<kw name="Read Excel Cells" library="ExcelProcessing">
<arg>${row}</arg>
<arg>${col}</arg>
<kw name="Read Excel Cell" library="ExcelLibrary">
<var>${CELL_VALUE}</var>
<arg>row_num=${row}</arg>
<arg>col_num=${col}</arg>
<doc>Returns content of a cell.</doc>
<msg timestamp="20221013 10:08:07.303" level="INFO">${CELL_VALUE} = jsmith@itsolutions.co.uk</msg>
<status status="PASS" starttime="20221013 10:08:07.303" endtime="20221013 10:08:07.303"/>
</kw>
<kw name="Set Suite Variable" library="BuiltIn">
<arg>${CELL_VALUE}</arg>
<doc>Makes a variable available everywhere within the scope of the current suite.</doc>
<msg timestamp="20221013 10:08:07.303" level="INFO">${CELL_VALUE} = jsmith@itsolutions.co.uk</msg>
<status status="PASS" starttime="20221013 10:08:07.303" endtime="20221013 10:08:07.303"/>
</kw>
<status status="PASS" starttime="20221013 10:08:07.303" endtime="20221013 10:08:07.303"/>
</kw>
<kw name="Log" library="BuiltIn">
<arg>${CELL_VALUE}</arg>
<arg>console=yes</arg>
<doc>Logs the given message with the given level.</doc>
<msg timestamp="20221013 10:08:07.303" level="INFO">jsmith@itsolutions.co.uk</msg>
<status status="PASS" starttime="20221013 10:08:07.303" endtime="20221013 10:08:07.303"/>
</kw>
<kw name="Append To List" library="Collections">
<arg>${INPUT_DATA}</arg>
<arg>${CELL_VALUE}</arg>
<doc>Adds ``values`` to the end of ``list``.</doc>
<status status="PASS" starttime="20221013 10:08:07.311" endtime="20221013 10:08:07.311"/>
</kw>
<status status="PASS" starttime="20221013 10:08:07.295" endtime="20221013 10:08:07.311"/>
</iter>
<iter>
<var name="${col}">7</var>
<kw name="Read Excel Cells" library="ExcelProcessing">
<arg>${row}</arg>
<arg>${col}</arg>
<kw name="Read Excel Cell" library="ExcelLibrary">
<var>${CELL_VALUE}</var>
<arg>row_num=${row}</arg>
<arg>col_num=${col}</arg>
<doc>Returns content of a cell.</doc>
<msg timestamp="20221013 10:08:07.311" level="INFO">${CELL_VALUE} = 40716543298</msg>
<status status="PASS" starttime="20221013 10:08:07.311" endtime="20221013 10:08:07.311"/>
</kw>
<kw name="Set Suite Variable" library="BuiltIn">
<arg>${CELL_VALUE}</arg>
<doc>Makes a variable available everywhere within the scope of the current suite.</doc>
<msg timestamp="20221013 10:08:07.311" level="INFO">${CELL_VALUE} = 40716543298</msg>
<status status="PASS" starttime="20221013 10:08:07.311" endtime="20221013 10:08:07.311"/>
</kw>
<status status="PASS" starttime="20221013 10:08:07.311" endtime="20221013 10:08:07.311"/>
</kw>
<kw name="Log" library="BuiltIn">
<arg>${CELL_VALUE}</arg>
<arg>console=yes</arg>
<doc>Logs the given message with the given level.</doc>
<msg timestamp="20221013 10:08:07.311" level="INFO">40716543298</msg>
<status status="PASS" starttime="20221013 10:08:07.311" endtime="20221013 10:08:07.311"/>
</kw>
<kw name="Append To List" library="Collections">
<arg>${INPUT_DATA}</arg>
<arg>${CELL_VALUE}</arg>
<doc>Adds ``values`` to the end of ``list``.</doc>
<status status="PASS" starttime="20221013 10:08:07.311" endtime="20221013 10:08:07.311"/>
</kw>
<status status="PASS" starttime="20221013 10:08:07.311" endtime="20221013 10:08:07.311"/>
</iter>
<status status="PASS" starttime="20221013 10:08:07.279" endtime="20221013 10:08:07.311"/>
</for>
<status status="PASS" starttime="20221013 10:08:07.279" endtime="20221013 10:08:07.311"/>
</iter>
<status status="PASS" starttime="20221013 10:08:07.279" endtime="20221013 10:08:07.319"/>
</for>
<status status="PASS" starttime="20221013 10:08:07.279" endtime="20221013 10:08:07.319"/>
</kw>
<kw name="Insert Data Into Input Fields" library="InputPage">
<kw name="Input Text" library="SeleniumLibrary">
<arg>${ADDRESS_INPUT}</arg>
<arg>${INPUT_DATA}[4]</arg>
<doc>Types the given ``text`` into the text field identified by ``locator``.</doc>
<msg timestamp="20221013 10:08:07.319" level="INFO">Typing text '98 North Road' into text field 'css=input[ng-reflect-name='labelAddress']'.</msg>
<status status="PASS" starttime="20221013 10:08:07.319" endtime="20221013 10:08:07.463"/>
</kw>
<kw name="Input Text" library="SeleniumLibrary">
<arg>${COMPANY_INPUT}</arg>
<arg>${INPUT_DATA}[2]</arg>
<doc>Types the given ``text`` into the text field identified by ``locator``.</doc>
<msg timestamp="20221013 10:08:07.463" level="INFO">Typing text 'IT Solutions' into text field 'css=input[ng-reflect-name='labelCompanyName']'.</msg>
<status status="PASS" starttime="20221013 10:08:07.463" endtime="20221013 10:08:07.567"/>
</kw>
<kw name="Input Text" library="SeleniumLibrary">
<arg>${EMAIL_INPUT}</arg>
<arg>${INPUT_DATA}[5]</arg>
<doc>Types the given ``text`` into the text field identified by ``locator``.</doc>
<msg timestamp="20221013 10:08:07.567" level="INFO">Typing text 'jsmith@itsolutions.co.uk' into text field 'css=input[ng-reflect-name='labelEmail']'.</msg>
<status status="PASS" starttime="20221013 10:08:07.567" endtime="20221013 10:08:07.696"/>
</kw>
<kw name="Input Text" library="SeleniumLibrary">
<arg>${FIRST_NAME_INPUT}</arg>
<arg>${INPUT_DATA}[0]</arg>
<doc>Types the given ``text`` into the text field identified by ``locator``.</doc>
<msg timestamp="20221013 10:08:07.696" level="INFO">Typing text 'John' into text field 'css=input[ng-reflect-name='labelFirstName']'.</msg>
<status status="PASS" starttime="20221013 10:08:07.696" endtime="20221013 10:08:07.741"/>
</kw>
<kw name="Input Text" library="SeleniumLibrary">
<arg>${LAST_NAME_INPUT}</arg>
<arg>${INPUT_DATA}[1]</arg>
<doc>Types the given ``text`` into the text field identified by ``locator``.</doc>
<msg timestamp="20221013 10:08:07.741" level="INFO">Typing text 'Smith' into text field 'css=input[ng-reflect-name='labelLastName']'.</msg>
<status status="PASS" starttime="20221013 10:08:07.741" endtime="20221013 10:08:07.773"/>
</kw>
<kw name="Input Text" library="SeleniumLibrary">
<arg>${PHONE_INPUT}</arg>
<arg>${INPUT_DATA}[6]</arg>
<doc>Types the given ``text`` into the text field identified by ``locator``.</doc>
<msg timestamp="20221013 10:08:07.773" level="INFO">Typing text '40716543298' into text field 'css=input[ng-reflect-name='labelPhone']'.</msg>
<status status="PASS" starttime="20221013 10:08:07.773" endtime="20221013 10:08:07.845"/>
</kw>
<kw name="Input Text" library="SeleniumLibrary">
<arg>${ROLE_INPUT}</arg>
<arg>${INPUT_DATA}[3]</arg>
<doc>Types the given ``text`` into the text field identified by ``locator``.</doc>
<msg timestamp="20221013 10:08:07.845" level="INFO">Typing text 'Analyst' into text field 'css=input[ng-reflect-name='labelRole']'.</msg>
<status status="PASS" starttime="20221013 10:08:07.845" endtime="20221013 10:08:07.901"/>
</kw>
<kw name="Sleep" library="BuiltIn">
<arg>2s</arg>
<doc>Pauses the test executed for the given time.</doc>
<msg timestamp="20221013 10:08:09.910" level="INFO">Slept 2 seconds</msg>
<status status="PASS" starttime="20221013 10:08:07.901" endtime="20221013 10:08:09.910"/>
</kw>
<status status="PASS" starttime="20221013 10:08:07.319" endtime="20221013 10:08:09.910"/>
</kw>
<kw name="Click &quot;Submit&quot; Button" library="InputPage">
<kw name="Click Button" library="SeleniumLibrary">
<arg>${SUBMIT_BUTTON}</arg>
<doc>Clicks the button identified by ``locator``.</doc>
<msg timestamp="20221013 10:08:09.910" level="INFO">Clicking button 'css=input[value='Submit']'.</msg>
<status status="PASS" starttime="20221013 10:08:09.910" endtime="20221013 10:08:10.174"/>
</kw>
<status status="PASS" starttime="20221013 10:08:09.910" endtime="20221013 10:08:10.174"/>
</kw>
<kw name="Verify Input Page Loaded" library="InputPage">
<kw name="Wait Until Page Contains Element" library="SeleniumLibrary">
<arg>${ADDRESS_INPUT}</arg>
<arg>timeout=15s</arg>
<doc>Waits until the element ``locator`` appears on the current page.</doc>
<status status="PASS" starttime="20221013 10:08:10.174" endtime="20221013 10:08:10.182"/>
</kw>
<kw name="Wait Until Page Contains Element" library="SeleniumLibrary">
<arg>${COMPANY_INPUT}</arg>
<arg>timeout=15s</arg>
<doc>Waits until the element ``locator`` appears on the current page.</doc>
<status status="PASS" starttime="20221013 10:08:10.182" endtime="20221013 10:08:10.190"/>
</kw>
<kw name="Wait Until Page Contains Element" library="SeleniumLibrary">
<arg>${EMAIL_INPUT}</arg>
<arg>timeout=15s</arg>
<doc>Waits until the element ``locator`` appears on the current page.</doc>
<status status="PASS" starttime="20221013 10:08:10.190" endtime="20221013 10:08:10.190"/>
</kw>
<kw name="Wait Until Page Contains Element" library="SeleniumLibrary">
<arg>${FIRST_NAME_INPUT}</arg>
<arg>timeout=15s</arg>
<doc>Waits until the element ``locator`` appears on the current page.</doc>
<status status="PASS" starttime="20221013 10:08:10.190" endtime="20221013 10:08:10.198"/>
</kw>
<kw name="Wait Until Page Contains Element" library="SeleniumLibrary">
<arg>${LAST_NAME_INPUT}</arg>
<arg>timeout=15s</arg>
<doc>Waits until the element ``locator`` appears on the current page.</doc>
<status status="PASS" starttime="20221013 10:08:10.198" endtime="20221013 10:08:10.206"/>
</kw>
<kw name="Wait Until Page Contains Element" library="SeleniumLibrary">
<arg>${PHONE_INPUT}</arg>
<arg>timeout=15s</arg>
<doc>Waits until the element ``locator`` appears on the current page.</doc>
<status status="PASS" starttime="20221013 10:08:10.206" endtime="20221013 10:08:10.214"/>
</kw>
<kw name="Wait Until Page Contains Element" library="SeleniumLibrary">
<arg>${ROLE_INPUT}</arg>
<arg>timeout=15s</arg>
<doc>Waits until the element ``locator`` appears on the current page.</doc>
<status status="PASS" starttime="20221013 10:08:10.214" endtime="20221013 10:08:10.222"/>
</kw>
<status status="PASS" starttime="20221013 10:08:10.174" endtime="20221013 10:08:10.222"/>
</kw>
<kw name="Clear List Values" library="ExcelProcessing">
<for flavor="IN">
<var>${elem}</var>
<value>@{INPUT_DATA}</value>
<iter>
<var name="${elem}">John</var>
<kw name="Remove Values From List" library="Collections">
<arg>${INPUT_DATA}</arg>
<arg>${elem}</arg>
<doc>Removes all occurrences of given ``values`` from ``list``.</doc>
<status status="PASS" starttime="20221013 10:08:10.222" endtime="20221013 10:08:10.222"/>
</kw>
<status status="PASS" starttime="20221013 10:08:10.222" endtime="20221013 10:08:10.222"/>
</iter>
<iter>
<var name="${elem}">Smith</var>
<kw name="Remove Values From List" library="Collections">
<arg>${INPUT_DATA}</arg>
<arg>${elem}</arg>
<doc>Removes all occurrences of given ``values`` from ``list``.</doc>
<status status="PASS" starttime="20221013 10:08:10.222" endtime="20221013 10:08:10.222"/>
</kw>
<status status="PASS" starttime="20221013 10:08:10.222" endtime="20221013 10:08:10.222"/>
</iter>
<iter>
<var name="${elem}">IT Solutions</var>
<kw name="Remove Values From List" library="Collections">
<arg>${INPUT_DATA}</arg>
<arg>${elem}</arg>
<doc>Removes all occurrences of given ``values`` from ``list``.</doc>
<status status="PASS" starttime="20221013 10:08:10.222" endtime="20221013 10:08:10.222"/>
</kw>
<status status="PASS" starttime="20221013 10:08:10.222" endtime="20221013 10:08:10.222"/>
</iter>
<iter>
<var name="${elem}">Analyst</var>
<kw name="Remove Values From List" library="Collections">
<arg>${INPUT_DATA}</arg>
<arg>${elem}</arg>
<doc>Removes all occurrences of given ``values`` from ``list``.</doc>
<status status="PASS" starttime="20221013 10:08:10.222" endtime="20221013 10:08:10.222"/>
</kw>
<status status="PASS" starttime="20221013 10:08:10.222" endtime="20221013 10:08:10.222"/>
</iter>
<iter>
<var name="${elem}">98 North Road</var>
<kw name="Remove Values From List" library="Collections">
<arg>${INPUT_DATA}</arg>
<arg>${elem}</arg>
<doc>Removes all occurrences of given ``values`` from ``list``.</doc>
<status status="PASS" starttime="20221013 10:08:10.222" endtime="20221013 10:08:10.230"/>
</kw>
<status status="PASS" starttime="20221013 10:08:10.222" endtime="20221013 10:08:10.230"/>
</iter>
<iter>
<var name="${elem}">jsmith@itsolutions.co.uk</var>
<kw name="Remove Values From List" library="Collections">
<arg>${INPUT_DATA}</arg>
<arg>${elem}</arg>
<doc>Removes all occurrences of given ``values`` from ``list``.</doc>
<status status="PASS" starttime="20221013 10:08:10.230" endtime="20221013 10:08:10.230"/>
</kw>
<status status="PASS" starttime="20221013 10:08:10.230" endtime="20221013 10:08:10.230"/>
</iter>
<iter>
<var name="${elem}">40716543298</var>
<kw name="Remove Values From List" library="Collections">
<arg>${INPUT_DATA}</arg>
<arg>${elem}</arg>
<doc>Removes all occurrences of given ``values`` from ``list``.</doc>
<status status="PASS" starttime="20221013 10:08:10.230" endtime="20221013 10:08:10.230"/>
</kw>
<status status="PASS" starttime="20221013 10:08:10.230" endtime="20221013 10:08:10.230"/>
</iter>
<status status="PASS" starttime="20221013 10:08:10.222" endtime="20221013 10:08:10.230"/>
</for>
<status status="PASS" starttime="20221013 10:08:10.222" endtime="20221013 10:08:10.230"/>
</kw>
<status status="PASS" starttime="20221013 10:08:07.279" endtime="20221013 10:08:10.230"/>
</iter>
<iter>
<var name="${ITERATION_VALUE}">3</var>
<kw name="Loop And Read Through Cells And Append List" library="ExcelProcessing">
<arg>${ITERATION_VALUE}</arg>
<for flavor="IN">
<var>${row}</var>
<value>${iteration}</value>
<iter>
<var name="${row}">3</var>
<for flavor="IN RANGE">
<var>${col}</var>
<value>1</value>
<value>8</value>
<iter>
<var name="${col}">1</var>
<kw name="Read Excel Cells" library="ExcelProcessing">
<arg>${row}</arg>
<arg>${col}</arg>
<kw name="Read Excel Cell" library="ExcelLibrary">
<var>${CELL_VALUE}</var>
<arg>row_num=${row}</arg>
<arg>col_num=${col}</arg>
<doc>Returns content of a cell.</doc>
<msg timestamp="20221013 10:08:10.230" level="INFO">${CELL_VALUE} = Jane</msg>
<status status="PASS" starttime="20221013 10:08:10.230" endtime="20221013 10:08:10.230"/>
</kw>
<kw name="Set Suite Variable" library="BuiltIn">
<arg>${CELL_VALUE}</arg>
<doc>Makes a variable available everywhere within the scope of the current suite.</doc>
<msg timestamp="20221013 10:08:10.238" level="INFO">${CELL_VALUE} = Jane</msg>
<status status="PASS" starttime="20221013 10:08:10.230" endtime="20221013 10:08:10.238"/>
</kw>
<status status="PASS" starttime="20221013 10:08:10.230" endtime="20221013 10:08:10.238"/>
</kw>
<kw name="Log" library="BuiltIn">
<arg>${CELL_VALUE}</arg>
<arg>console=yes</arg>
<doc>Logs the given message with the given level.</doc>
<msg timestamp="20221013 10:08:10.238" level="INFO">Jane</msg>
<status status="PASS" starttime="20221013 10:08:10.238" endtime="20221013 10:08:10.238"/>
</kw>
<kw name="Append To List" library="Collections">
<arg>${INPUT_DATA}</arg>
<arg>${CELL_VALUE}</arg>
<doc>Adds ``values`` to the end of ``list``.</doc>
<status status="PASS" starttime="20221013 10:08:10.238" endtime="20221013 10:08:10.238"/>
</kw>
<status status="PASS" starttime="20221013 10:08:10.230" endtime="20221013 10:08:10.238"/>
</iter>
<iter>
<var name="${col}">2</var>
<kw name="Read Excel Cells" library="ExcelProcessing">
<arg>${row}</arg>
<arg>${col}</arg>
<kw name="Read Excel Cell" library="ExcelLibrary">
<var>${CELL_VALUE}</var>
<arg>row_num=${row}</arg>
<arg>col_num=${col}</arg>
<doc>Returns content of a cell.</doc>
<msg timestamp="20221013 10:08:10.238" level="INFO">${CELL_VALUE} = Dorsey</msg>
<status status="PASS" starttime="20221013 10:08:10.238" endtime="20221013 10:08:10.238"/>
</kw>
<kw name="Set Suite Variable" library="BuiltIn">
<arg>${CELL_VALUE}</arg>
<doc>Makes a variable available everywhere within the scope of the current suite.</doc>
<msg timestamp="20221013 10:08:10.238" level="INFO">${CELL_VALUE} = Dorsey</msg>
<status status="PASS" starttime="20221013 10:08:10.238" endtime="20221013 10:08:10.238"/>
</kw>
<status status="PASS" starttime="20221013 10:08:10.238" endtime="20221013 10:08:10.238"/>
</kw>
<kw name="Log" library="BuiltIn">
<arg>${CELL_VALUE}</arg>
<arg>console=yes</arg>
<doc>Logs the given message with the given level.</doc>
<msg timestamp="20221013 10:08:10.238" level="INFO">Dorsey</msg>
<status status="PASS" starttime="20221013 10:08:10.238" endtime="20221013 10:08:10.238"/>
</kw>
<kw name="Append To List" library="Collections">
<arg>${INPUT_DATA}</arg>
<arg>${CELL_VALUE}</arg>
<doc>Adds ``values`` to the end of ``list``.</doc>
<status status="PASS" starttime="20221013 10:08:10.238" endtime="20221013 10:08:10.238"/>
</kw>
<status status="PASS" starttime="20221013 10:08:10.238" endtime="20221013 10:08:10.238"/>
</iter>
<iter>
<var name="${col}">3</var>
<kw name="Read Excel Cells" library="ExcelProcessing">
<arg>${row}</arg>
<arg>${col}</arg>
<kw name="Read Excel Cell" library="ExcelLibrary">
<var>${CELL_VALUE}</var>
<arg>row_num=${row}</arg>
<arg>col_num=${col}</arg>
<doc>Returns content of a cell.</doc>
<msg timestamp="20221013 10:08:10.238" level="INFO">${CELL_VALUE} = MediCare</msg>
<status status="PASS" starttime="20221013 10:08:10.238" endtime="20221013 10:08:10.238"/>
</kw>
<kw name="Set Suite Variable" library="BuiltIn">
<arg>${CELL_VALUE}</arg>
<doc>Makes a variable available everywhere within the scope of the current suite.</doc>
<msg timestamp="20221013 10:08:10.238" level="INFO">${CELL_VALUE} = MediCare</msg>
<status status="PASS" starttime="20221013 10:08:10.238" endtime="20221013 10:08:10.238"/>
</kw>
<status status="PASS" starttime="20221013 10:08:10.238" endtime="20221013 10:08:10.238"/>
</kw>
<kw name="Log" library="BuiltIn">
<arg>${CELL_VALUE}</arg>
<arg>console=yes</arg>
<doc>Logs the given message with the given level.</doc>
<msg timestamp="20221013 10:08:10.238" level="INFO">MediCare</msg>
<status status="PASS" starttime="20221013 10:08:10.238" endtime="20221013 10:08:10.238"/>
</kw>
<kw name="Append To List" library="Collections">
<arg>${INPUT_DATA}</arg>
<arg>${CELL_VALUE}</arg>
<doc>Adds ``values`` to the end of ``list``.</doc>
<status status="PASS" starttime="20221013 10:08:10.238" endtime="20221013 10:08:10.238"/>
</kw>
<status status="PASS" starttime="20221013 10:08:10.238" endtime="20221013 10:08:10.246"/>
</iter>
<iter>
<var name="${col}">4</var>
<kw name="Read Excel Cells" library="ExcelProcessing">
<arg>${row}</arg>
<arg>${col}</arg>
<kw name="Read Excel Cell" library="ExcelLibrary">
<var>${CELL_VALUE}</var>
<arg>row_num=${row}</arg>
<arg>col_num=${col}</arg>
<doc>Returns content of a cell.</doc>
<msg timestamp="20221013 10:08:10.246" level="INFO">${CELL_VALUE} = Medical Engineer</msg>
<status status="PASS" starttime="20221013 10:08:10.246" endtime="20221013 10:08:10.246"/>
</kw>
<kw name="Set Suite Variable" library="BuiltIn">
<arg>${CELL_VALUE}</arg>
<doc>Makes a variable available everywhere within the scope of the current suite.</doc>
<msg timestamp="20221013 10:08:10.246" level="INFO">${CELL_VALUE} = Medical Engineer</msg>
<status status="PASS" starttime="20221013 10:08:10.246" endtime="20221013 10:08:10.246"/>
</kw>
<status status="PASS" starttime="20221013 10:08:10.246" endtime="20221013 10:08:10.246"/>
</kw>
<kw name="Log" library="BuiltIn">
<arg>${CELL_VALUE}</arg>
<arg>console=yes</arg>
<doc>Logs the given message with the given level.</doc>
<msg timestamp="20221013 10:08:10.246" level="INFO">Medical Engineer</msg>
<status status="PASS" starttime="20221013 10:08:10.246" endtime="20221013 10:08:10.246"/>
</kw>
<kw name="Append To List" library="Collections">
<arg>${INPUT_DATA}</arg>
<arg>${CELL_VALUE}</arg>
<doc>Adds ``values`` to the end of ``list``.</doc>
<status status="PASS" starttime="20221013 10:08:10.246" endtime="20221013 10:08:10.246"/>
</kw>
<status status="PASS" starttime="20221013 10:08:10.246" endtime="20221013 10:08:10.246"/>
</iter>
<iter>
<var name="${col}">5</var>
<kw name="Read Excel Cells" library="ExcelProcessing">
<arg>${row}</arg>
<arg>${col}</arg>
<kw name="Read Excel Cell" library="ExcelLibrary">
<var>${CELL_VALUE}</var>
<arg>row_num=${row}</arg>
<arg>col_num=${col}</arg>
<doc>Returns content of a cell.</doc>
<msg timestamp="20221013 10:08:10.246" level="INFO">${CELL_VALUE} = 11 Crown Street</msg>
<status status="PASS" starttime="20221013 10:08:10.246" endtime="20221013 10:08:10.246"/>
</kw>
<kw name="Set Suite Variable" library="BuiltIn">
<arg>${CELL_VALUE}</arg>
<doc>Makes a variable available everywhere within the scope of the current suite.</doc>
<msg timestamp="20221013 10:08:10.246" level="INFO">${CELL_VALUE} = 11 Crown Street</msg>
<status status="PASS" starttime="20221013 10:08:10.246" endtime="20221013 10:08:10.246"/>
</kw>
<status status="PASS" starttime="20221013 10:08:10.246" endtime="20221013 10:08:10.246"/>
</kw>
<kw name="Log" library="BuiltIn">
<arg>${CELL_VALUE}</arg>
<arg>console=yes</arg>
<doc>Logs the given message with the given level.</doc>
<msg timestamp="20221013 10:08:10.246" level="INFO">11 Crown Street</msg>
<status status="PASS" starttime="20221013 10:08:10.246" endtime="20221013 10:08:10.246"/>
</kw>
<kw name="Append To List" library="Collections">
<arg>${INPUT_DATA}</arg>
<arg>${CELL_VALUE}</arg>
<doc>Adds ``values`` to the end of ``list``.</doc>
<status status="PASS" starttime="20221013 10:08:10.246" endtime="20221013 10:08:10.246"/>
</kw>
<status status="PASS" starttime="20221013 10:08:10.246" endtime="20221013 10:08:10.246"/>
</iter>
<iter>
<var name="${col}">6</var>
<kw name="Read Excel Cells" library="ExcelProcessing">
<arg>${row}</arg>
<arg>${col}</arg>
<kw name="Read Excel Cell" library="ExcelLibrary">
<var>${CELL_VALUE}</var>
<arg>row_num=${row}</arg>
<arg>col_num=${col}</arg>
<doc>Returns content of a cell.</doc>
<msg timestamp="20221013 10:08:10.246" level="INFO">${CELL_VALUE} = jdorsey@mc.com</msg>
<status status="PASS" starttime="20221013 10:08:10.246" endtime="20221013 10:08:10.254"/>
</kw>
<kw name="Set Suite Variable" library="BuiltIn">
<arg>${CELL_VALUE}</arg>
<doc>Makes a variable available everywhere within the scope of the current suite.</doc>
<msg timestamp="20221013 10:08:10.254" level="INFO">${CELL_VALUE} = jdorsey@mc.com</msg>
<status status="PASS" starttime="20221013 10:08:10.254" endtime="20221013 10:08:10.254"/>
</kw>
<status status="PASS" starttime="20221013 10:08:10.246" endtime="20221013 10:08:10.254"/>
</kw>
<kw name="Log" library="BuiltIn">
<arg>${CELL_VALUE}</arg>
<arg>console=yes</arg>
<doc>Logs the given message with the given level.</doc>
<msg timestamp="20221013 10:08:10.254" level="INFO">jdorsey@mc.com</msg>
<status status="PASS" starttime="20221013 10:08:10.254" endtime="20221013 10:08:10.254"/>
</kw>
<kw name="Append To List" library="Collections">
<arg>${INPUT_DATA}</arg>
<arg>${CELL_VALUE}</arg>
<doc>Adds ``values`` to the end of ``list``.</doc>
<status status="PASS" starttime="20221013 10:08:10.254" endtime="20221013 10:08:10.254"/>
</kw>
<status status="PASS" starttime="20221013 10:08:10.246" endtime="20221013 10:08:10.254"/>
</iter>
<iter>
<var name="${col}">7</var>
<kw name="Read Excel Cells" library="ExcelProcessing">
<arg>${row}</arg>
<arg>${col}</arg>
<kw name="Read Excel Cell" library="ExcelLibrary">
<var>${CELL_VALUE}</var>
<arg>row_num=${row}</arg>
<arg>col_num=${col}</arg>
<doc>Returns content of a cell.</doc>
<msg timestamp="20221013 10:08:10.254" level="INFO">${CELL_VALUE} = 40791345621</msg>
<status status="PASS" starttime="20221013 10:08:10.254" endtime="20221013 10:08:10.254"/>
</kw>
<kw name="Set Suite Variable" library="BuiltIn">
<arg>${CELL_VALUE}</arg>
<doc>Makes a variable available everywhere within the scope of the current suite.</doc>
<msg timestamp="20221013 10:08:10.254" level="INFO">${CELL_VALUE} = 40791345621</msg>
<status status="PASS" starttime="20221013 10:08:10.254" endtime="20221013 10:08:10.254"/>
</kw>
<status status="PASS" starttime="20221013 10:08:10.254" endtime="20221013 10:08:10.254"/>
</kw>
<kw name="Log" library="BuiltIn">
<arg>${CELL_VALUE}</arg>
<arg>console=yes</arg>
<doc>Logs the given message with the given level.</doc>
<msg timestamp="20221013 10:08:10.254" level="INFO">40791345621</msg>
<status status="PASS" starttime="20221013 10:08:10.254" endtime="20221013 10:08:10.254"/>
</kw>
<kw name="Append To List" library="Collections">
<arg>${INPUT_DATA}</arg>
<arg>${CELL_VALUE}</arg>
<doc>Adds ``values`` to the end of ``list``.</doc>
<status status="PASS" starttime="20221013 10:08:10.254" endtime="20221013 10:08:10.262"/>
</kw>
<status status="PASS" starttime="20221013 10:08:10.254" endtime="20221013 10:08:10.262"/>
</iter>
<status status="PASS" starttime="20221013 10:08:10.230" endtime="20221013 10:08:10.262"/>
</for>
<status status="PASS" starttime="20221013 10:08:10.230" endtime="20221013 10:08:10.262"/>
</iter>
<status status="PASS" starttime="20221013 10:08:10.230" endtime="20221013 10:08:10.262"/>
</for>
<status status="PASS" starttime="20221013 10:08:10.230" endtime="20221013 10:08:10.262"/>
</kw>
<kw name="Insert Data Into Input Fields" library="InputPage">
<kw name="Input Text" library="SeleniumLibrary">
<arg>${ADDRESS_INPUT}</arg>
<arg>${INPUT_DATA}[4]</arg>
<doc>Types the given ``text`` into the text field identified by ``locator``.</doc>
<msg timestamp="20221013 10:08:10.262" level="INFO">Typing text '11 Crown Street' into text field 'css=input[ng-reflect-name='labelAddress']'.</msg>
<status status="PASS" starttime="20221013 10:08:10.262" endtime="20221013 10:08:10.334"/>
</kw>
<kw name="Input Text" library="SeleniumLibrary">
<arg>${COMPANY_INPUT}</arg>
<arg>${INPUT_DATA}[2]</arg>
<doc>Types the given ``text`` into the text field identified by ``locator``.</doc>
<msg timestamp="20221013 10:08:10.334" level="INFO">Typing text 'MediCare' into text field 'css=input[ng-reflect-name='labelCompanyName']'.</msg>
<status status="PASS" starttime="20221013 10:08:10.334" endtime="20221013 10:08:10.382"/>
</kw>
<kw name="Input Text" library="SeleniumLibrary">
<arg>${EMAIL_INPUT}</arg>
<arg>${INPUT_DATA}[5]</arg>
<doc>Types the given ``text`` into the text field identified by ``locator``.</doc>
<msg timestamp="20221013 10:08:10.382" level="INFO">Typing text 'jdorsey@mc.com' into text field 'css=input[ng-reflect-name='labelEmail']'.</msg>
<status status="PASS" starttime="20221013 10:08:10.382" endtime="20221013 10:08:10.438"/>
</kw>
<kw name="Input Text" library="SeleniumLibrary">
<arg>${FIRST_NAME_INPUT}</arg>
<arg>${INPUT_DATA}[0]</arg>
<doc>Types the given ``text`` into the text field identified by ``locator``.</doc>
<msg timestamp="20221013 10:08:10.438" level="INFO">Typing text 'Jane' into text field 'css=input[ng-reflect-name='labelFirstName']'.</msg>
<status status="PASS" starttime="20221013 10:08:10.438" endtime="20221013 10:08:10.486"/>
</kw>
<kw name="Input Text" library="SeleniumLibrary">
<arg>${LAST_NAME_INPUT}</arg>
<arg>${INPUT_DATA}[1]</arg>
<doc>Types the given ``text`` into the text field identified by ``locator``.</doc>
<msg timestamp="20221013 10:08:10.486" level="INFO">Typing text 'Dorsey' into text field 'css=input[ng-reflect-name='labelLastName']'.</msg>
<status status="PASS" starttime="20221013 10:08:10.486" endtime="20221013 10:08:10.534"/>
</kw>
<kw name="Input Text" library="SeleniumLibrary">
<arg>${PHONE_INPUT}</arg>
<arg>${INPUT_DATA}[6]</arg>
<doc>Types the given ``text`` into the text field identified by ``locator``.</doc>
<msg timestamp="20221013 10:08:10.534" level="INFO">Typing text '40791345621' into text field 'css=input[ng-reflect-name='labelPhone']'.</msg>
<status status="PASS" starttime="20221013 10:08:10.534" endtime="20221013 10:08:10.591"/>
</kw>
<kw name="Input Text" library="SeleniumLibrary">
<arg>${ROLE_INPUT}</arg>
<arg>${INPUT_DATA}[3]</arg>
<doc>Types the given ``text`` into the text field identified by ``locator``.</doc>
<msg timestamp="20221013 10:08:10.591" level="INFO">Typing text 'Medical Engineer' into text field 'css=input[ng-reflect-name='labelRole']'.</msg>
<status status="PASS" starttime="20221013 10:08:10.591" endtime="20221013 10:08:10.647"/>
</kw>
<kw name="Sleep" library="BuiltIn">
<arg>2s</arg>
<doc>Pauses the test executed for the given time.</doc>
<msg timestamp="20221013 10:08:12.655" level="INFO">Slept 2 seconds</msg>
<status status="PASS" starttime="20221013 10:08:10.647" endtime="20221013 10:08:12.655"/>
</kw>
<status status="PASS" starttime="20221013 10:08:10.262" endtime="20221013 10:08:12.655"/>
</kw>
<kw name="Click &quot;Submit&quot; Button" library="InputPage">
<kw name="Click Button" library="SeleniumLibrary">
<arg>${SUBMIT_BUTTON}</arg>
<doc>Clicks the button identified by ``locator``.</doc>
<msg timestamp="20221013 10:08:12.655" level="INFO">Clicking button 'css=input[value='Submit']'.</msg>
<status status="PASS" starttime="20221013 10:08:12.655" endtime="20221013 10:08:12.927"/>
</kw>
<status status="PASS" starttime="20221013 10:08:12.655" endtime="20221013 10:08:12.927"/>
</kw>
<kw name="Verify Input Page Loaded" library="InputPage">
<kw name="Wait Until Page Contains Element" library="SeleniumLibrary">
<arg>${ADDRESS_INPUT}</arg>
<arg>timeout=15s</arg>
<doc>Waits until the element ``locator`` appears on the current page.</doc>
<status status="PASS" starttime="20221013 10:08:12.927" endtime="20221013 10:08:12.935"/>
</kw>
<kw name="Wait Until Page Contains Element" library="SeleniumLibrary">
<arg>${COMPANY_INPUT}</arg>
<arg>timeout=15s</arg>
<doc>Waits until the element ``locator`` appears on the current page.</doc>
<status status="PASS" starttime="20221013 10:08:12.935" endtime="20221013 10:08:12.935"/>
</kw>
<kw name="Wait Until Page Contains Element" library="SeleniumLibrary">
<arg>${EMAIL_INPUT}</arg>
<arg>timeout=15s</arg>
<doc>Waits until the element ``locator`` appears on the current page.</doc>
<status status="PASS" starttime="20221013 10:08:12.935" endtime="20221013 10:08:12.943"/>
</kw>
<kw name="Wait Until Page Contains Element" library="SeleniumLibrary">
<arg>${FIRST_NAME_INPUT}</arg>
<arg>timeout=15s</arg>
<doc>Waits until the element ``locator`` appears on the current page.</doc>
<status status="PASS" starttime="20221013 10:08:12.943" endtime="20221013 10:08:12.951"/>
</kw>
<kw name="Wait Until Page Contains Element" library="SeleniumLibrary">
<arg>${LAST_NAME_INPUT}</arg>
<arg>timeout=15s</arg>
<doc>Waits until the element ``locator`` appears on the current page.</doc>
<status status="PASS" starttime="20221013 10:08:12.951" endtime="20221013 10:08:12.951"/>
</kw>
<kw name="Wait Until Page Contains Element" library="SeleniumLibrary">
<arg>${PHONE_INPUT}</arg>
<arg>timeout=15s</arg>
<doc>Waits until the element ``locator`` appears on the current page.</doc>
<status status="PASS" starttime="20221013 10:08:12.951" endtime="20221013 10:08:12.959"/>
</kw>
<kw name="Wait Until Page Contains Element" library="SeleniumLibrary">
<arg>${ROLE_INPUT}</arg>
<arg>timeout=15s</arg>
<doc>Waits until the element ``locator`` appears on the current page.</doc>
<status status="PASS" starttime="20221013 10:08:12.959" endtime="20221013 10:08:12.967"/>
</kw>
<status status="PASS" starttime="20221013 10:08:12.927" endtime="20221013 10:08:12.967"/>
</kw>
<kw name="Clear List Values" library="ExcelProcessing">
<for flavor="IN">
<var>${elem}</var>
<value>@{INPUT_DATA}</value>
<iter>
<var name="${elem}">Jane</var>
<kw name="Remove Values From List" library="Collections">
<arg>${INPUT_DATA}</arg>
<arg>${elem}</arg>
<doc>Removes all occurrences of given ``values`` from ``list``.</doc>
<status status="PASS" starttime="20221013 10:08:12.967" endtime="20221013 10:08:12.967"/>
</kw>
<status status="PASS" starttime="20221013 10:08:12.967" endtime="20221013 10:08:12.967"/>
</iter>
<iter>
<var name="${elem}">Dorsey</var>
<kw name="Remove Values From List" library="Collections">
<arg>${INPUT_DATA}</arg>
<arg>${elem}</arg>
<doc>Removes all occurrences of given ``values`` from ``list``.</doc>
<status status="PASS" starttime="20221013 10:08:12.967" endtime="20221013 10:08:12.967"/>
</kw>
<status status="PASS" starttime="20221013 10:08:12.967" endtime="20221013 10:08:12.967"/>
</iter>
<iter>
<var name="${elem}">MediCare</var>
<kw name="Remove Values From List" library="Collections">
<arg>${INPUT_DATA}</arg>
<arg>${elem}</arg>
<doc>Removes all occurrences of given ``values`` from ``list``.</doc>
<status status="PASS" starttime="20221013 10:08:12.967" endtime="20221013 10:08:12.967"/>
</kw>
<status status="PASS" starttime="20221013 10:08:12.967" endtime="20221013 10:08:12.967"/>
</iter>
<iter>
<var name="${elem}">Medical Engineer</var>
<kw name="Remove Values From List" library="Collections">
<arg>${INPUT_DATA}</arg>
<arg>${elem}</arg>
<doc>Removes all occurrences of given ``values`` from ``list``.</doc>
<status status="PASS" starttime="20221013 10:08:12.967" endtime="20221013 10:08:12.967"/>
</kw>
<status status="PASS" starttime="20221013 10:08:12.967" endtime="20221013 10:08:12.967"/>
</iter>
<iter>
<var name="${elem}">11 Crown Street</var>
<kw name="Remove Values From List" library="Collections">
<arg>${INPUT_DATA}</arg>
<arg>${elem}</arg>
<doc>Removes all occurrences of given ``values`` from ``list``.</doc>
<status status="PASS" starttime="20221013 10:08:12.975" endtime="20221013 10:08:12.975"/>
</kw>
<status status="PASS" starttime="20221013 10:08:12.975" endtime="20221013 10:08:12.975"/>
</iter>
<iter>
<var name="${elem}">jdorsey@mc.com</var>
<kw name="Remove Values From List" library="Collections">
<arg>${INPUT_DATA}</arg>
<arg>${elem}</arg>
<doc>Removes all occurrences of given ``values`` from ``list``.</doc>
<status status="PASS" starttime="20221013 10:08:12.975" endtime="20221013 10:08:12.975"/>
</kw>
<status status="PASS" starttime="20221013 10:08:12.975" endtime="20221013 10:08:12.975"/>
</iter>
<iter>
<var name="${elem}">40791345621</var>
<kw name="Remove Values From List" library="Collections">
<arg>${INPUT_DATA}</arg>
<arg>${elem}</arg>
<doc>Removes all occurrences of given ``values`` from ``list``.</doc>
<status status="PASS" starttime="20221013 10:08:12.975" endtime="20221013 10:08:12.975"/>
</kw>
<status status="PASS" starttime="20221013 10:08:12.975" endtime="20221013 10:08:12.975"/>
</iter>
<status status="PASS" starttime="20221013 10:08:12.967" endtime="20221013 10:08:12.975"/>
</for>
<status status="PASS" starttime="20221013 10:08:12.967" endtime="20221013 10:08:12.975"/>
</kw>
<status status="PASS" starttime="20221013 10:08:10.230" endtime="20221013 10:08:12.975"/>
</iter>
<iter>
<var name="${ITERATION_VALUE}">4</var>
<kw name="Loop And Read Through Cells And Append List" library="ExcelProcessing">
<arg>${ITERATION_VALUE}</arg>
<for flavor="IN">
<var>${row}</var>
<value>${iteration}</value>
<iter>
<var name="${row}">4</var>
<for flavor="IN RANGE">
<var>${col}</var>
<value>1</value>
<value>8</value>
<iter>
<var name="${col}">1</var>
<kw name="Read Excel Cells" library="ExcelProcessing">
<arg>${row}</arg>
<arg>${col}</arg>
<kw name="Read Excel Cell" library="ExcelLibrary">
<var>${CELL_VALUE}</var>
<arg>row_num=${row}</arg>
<arg>col_num=${col}</arg>
<doc>Returns content of a cell.</doc>
<msg timestamp="20221013 10:08:12.975" level="INFO">${CELL_VALUE} = Albert</msg>
<status status="PASS" starttime="20221013 10:08:12.975" endtime="20221013 10:08:12.975"/>
</kw>
<kw name="Set Suite Variable" library="BuiltIn">
<arg>${CELL_VALUE}</arg>
<doc>Makes a variable available everywhere within the scope of the current suite.</doc>
<msg timestamp="20221013 10:08:12.983" level="INFO">${CELL_VALUE} = Albert</msg>
<status status="PASS" starttime="20221013 10:08:12.975" endtime="20221013 10:08:12.983"/>
</kw>
<status status="PASS" starttime="20221013 10:08:12.975" endtime="20221013 10:08:12.983"/>
</kw>
<kw name="Log" library="BuiltIn">
<arg>${CELL_VALUE}</arg>
<arg>console=yes</arg>
<doc>Logs the given message with the given level.</doc>
<msg timestamp="20221013 10:08:12.983" level="INFO">Albert</msg>
<status status="PASS" starttime="20221013 10:08:12.983" endtime="20221013 10:08:12.983"/>
</kw>
<kw name="Append To List" library="Collections">
<arg>${INPUT_DATA}</arg>
<arg>${CELL_VALUE}</arg>
<doc>Adds ``values`` to the end of ``list``.</doc>
<status status="PASS" starttime="20221013 10:08:12.983" endtime="20221013 10:08:12.983"/>
</kw>
<status status="PASS" starttime="20221013 10:08:12.975" endtime="20221013 10:08:12.983"/>
</iter>
<iter>
<var name="${col}">2</var>
<kw name="Read Excel Cells" library="ExcelProcessing">
<arg>${row}</arg>
<arg>${col}</arg>
<kw name="Read Excel Cell" library="ExcelLibrary">
<var>${CELL_VALUE}</var>
<arg>row_num=${row}</arg>
<arg>col_num=${col}</arg>
<doc>Returns content of a cell.</doc>
<msg timestamp="20221013 10:08:12.983" level="INFO">${CELL_VALUE} = Kipling</msg>
<status status="PASS" starttime="20221013 10:08:12.983" endtime="20221013 10:08:12.983"/>
</kw>
<kw name="Set Suite Variable" library="BuiltIn">
<arg>${CELL_VALUE}</arg>
<doc>Makes a variable available everywhere within the scope of the current suite.</doc>
<msg timestamp="20221013 10:08:12.983" level="INFO">${CELL_VALUE} = Kipling</msg>
<status status="PASS" starttime="20221013 10:08:12.983" endtime="20221013 10:08:12.983"/>
</kw>
<status status="PASS" starttime="20221013 10:08:12.983" endtime="20221013 10:08:12.983"/>
</kw>
<kw name="Log" library="BuiltIn">
<arg>${CELL_VALUE}</arg>
<arg>console=yes</arg>
<doc>Logs the given message with the given level.</doc>
<msg timestamp="20221013 10:08:12.983" level="INFO">Kipling</msg>
<status status="PASS" starttime="20221013 10:08:12.983" endtime="20221013 10:08:12.983"/>
</kw>
<kw name="Append To List" library="Collections">
<arg>${INPUT_DATA}</arg>
<arg>${CELL_VALUE}</arg>
<doc>Adds ``values`` to the end of ``list``.</doc>
<status status="PASS" starttime="20221013 10:08:12.983" endtime="20221013 10:08:12.983"/>
</kw>
<status status="PASS" starttime="20221013 10:08:12.983" endtime="20221013 10:08:12.983"/>
</iter>
<iter>
<var name="${col}">3</var>
<kw name="Read Excel Cells" library="ExcelProcessing">
<arg>${row}</arg>
<arg>${col}</arg>
<kw name="Read Excel Cell" library="ExcelLibrary">
<var>${CELL_VALUE}</var>
<arg>row_num=${row}</arg>
<arg>col_num=${col}</arg>
<doc>Returns content of a cell.</doc>
<msg timestamp="20221013 10:08:12.983" level="INFO">${CELL_VALUE} = Waterfront</msg>
<status status="PASS" starttime="20221013 10:08:12.983" endtime="20221013 10:08:12.983"/>
</kw>
<kw name="Set Suite Variable" library="BuiltIn">
<arg>${CELL_VALUE}</arg>
<doc>Makes a variable available everywhere within the scope of the current suite.</doc>
<msg timestamp="20221013 10:08:12.983" level="INFO">${CELL_VALUE} = Waterfront</msg>
<status status="PASS" starttime="20221013 10:08:12.983" endtime="20221013 10:08:12.983"/>
</kw>
<status status="PASS" starttime="20221013 10:08:12.983" endtime="20221013 10:08:12.983"/>
</kw>
<kw name="Log" library="BuiltIn">
<arg>${CELL_VALUE}</arg>
<arg>console=yes</arg>
<doc>Logs the given message with the given level.</doc>
<msg timestamp="20221013 10:08:12.983" level="INFO">Waterfront</msg>
<status status="PASS" starttime="20221013 10:08:12.983" endtime="20221013 10:08:12.983"/>
</kw>
<kw name="Append To List" library="Collections">
<arg>${INPUT_DATA}</arg>
<arg>${CELL_VALUE}</arg>
<doc>Adds ``values`` to the end of ``list``.</doc>
<status status="PASS" starttime="20221013 10:08:12.983" endtime="20221013 10:08:12.983"/>
</kw>
<status status="PASS" starttime="20221013 10:08:12.983" endtime="20221013 10:08:12.983"/>
</iter>
<iter>
<var name="${col}">4</var>
<kw name="Read Excel Cells" library="ExcelProcessing">
<arg>${row}</arg>
<arg>${col}</arg>
<kw name="Read Excel Cell" library="ExcelLibrary">
<var>${CELL_VALUE}</var>
<arg>row_num=${row}</arg>
<arg>col_num=${col}</arg>
<doc>Returns content of a cell.</doc>
<msg timestamp="20221013 10:08:12.991" level="INFO">${CELL_VALUE} = Accountant</msg>
<status status="PASS" starttime="20221013 10:08:12.983" endtime="20221013 10:08:12.991"/>
</kw>
<kw name="Set Suite Variable" library="BuiltIn">
<arg>${CELL_VALUE}</arg>
<doc>Makes a variable available everywhere within the scope of the current suite.</doc>
<msg timestamp="20221013 10:08:12.991" level="INFO">${CELL_VALUE} = Accountant</msg>
<status status="PASS" starttime="20221013 10:08:12.991" endtime="20221013 10:08:12.991"/>
</kw>
<status status="PASS" starttime="20221013 10:08:12.983" endtime="20221013 10:08:12.991"/>
</kw>
<kw name="Log" library="BuiltIn">
<arg>${CELL_VALUE}</arg>
<arg>console=yes</arg>
<doc>Logs the given message with the given level.</doc>
<msg timestamp="20221013 10:08:12.991" level="INFO">Accountant</msg>
<status status="PASS" starttime="20221013 10:08:12.991" endtime="20221013 10:08:12.991"/>
</kw>
<kw name="Append To List" library="Collections">
<arg>${INPUT_DATA}</arg>
<arg>${CELL_VALUE}</arg>
<doc>Adds ``values`` to the end of ``list``.</doc>
<status status="PASS" starttime="20221013 10:08:12.991" endtime="20221013 10:08:12.991"/>
</kw>
<status status="PASS" starttime="20221013 10:08:12.983" endtime="20221013 10:08:12.991"/>
</iter>
<iter>
<var name="${col}">5</var>
<kw name="Read Excel Cells" library="ExcelProcessing">
<arg>${row}</arg>
<arg>${col}</arg>
<kw name="Read Excel Cell" library="ExcelLibrary">
<var>${CELL_VALUE}</var>
<arg>row_num=${row}</arg>
<arg>col_num=${col}</arg>
<doc>Returns content of a cell.</doc>
<msg timestamp="20221013 10:08:12.991" level="INFO">${CELL_VALUE} = 22 Guild Street</msg>
<status status="PASS" starttime="20221013 10:08:12.991" endtime="20221013 10:08:12.991"/>
</kw>
<kw name="Set Suite Variable" library="BuiltIn">
<arg>${CELL_VALUE}</arg>
<doc>Makes a variable available everywhere within the scope of the current suite.</doc>
<msg timestamp="20221013 10:08:12.991" level="INFO">${CELL_VALUE} = 22 Guild Street</msg>
<status status="PASS" starttime="20221013 10:08:12.991" endtime="20221013 10:08:12.991"/>
</kw>
<status status="PASS" starttime="20221013 10:08:12.991" endtime="20221013 10:08:12.991"/>
</kw>
<kw name="Log" library="BuiltIn">
<arg>${CELL_VALUE}</arg>
<arg>console=yes</arg>
<doc>Logs the given message with the given level.</doc>
<msg timestamp="20221013 10:08:12.991" level="INFO">22 Guild Street</msg>
<status status="PASS" starttime="20221013 10:08:12.991" endtime="20221013 10:08:12.991"/>
</kw>
<kw name="Append To List" library="Collections">
<arg>${INPUT_DATA}</arg>
<arg>${CELL_VALUE}</arg>
<doc>Adds ``values`` to the end of ``list``.</doc>
<status status="PASS" starttime="20221013 10:08:12.991" endtime="20221013 10:08:12.991"/>
</kw>
<status status="PASS" starttime="20221013 10:08:12.991" endtime="20221013 10:08:12.991"/>
</iter>
<iter>
<var name="${col}">6</var>
<kw name="Read Excel Cells" library="ExcelProcessing">
<arg>${row}</arg>
<arg>${col}</arg>
<kw name="Read Excel Cell" library="ExcelLibrary">
<var>${CELL_VALUE}</var>
<arg>row_num=${row}</arg>
<arg>col_num=${col}</arg>
<doc>Returns content of a cell.</doc>
<msg timestamp="20221013 10:08:12.991" level="INFO">${CELL_VALUE} = kipling@waterfront.com</msg>
<status status="PASS" starttime="20221013 10:08:12.991" endtime="20221013 10:08:12.991"/>
</kw>
<kw name="Set Suite Variable" library="BuiltIn">
<arg>${CELL_VALUE}</arg>
<doc>Makes a variable available everywhere within the scope of the current suite.</doc>
<msg timestamp="20221013 10:08:12.999" level="INFO">${CELL_VALUE} = kipling@waterfront.com</msg>
<status status="PASS" starttime="20221013 10:08:12.991" endtime="20221013 10:08:12.999"/>
</kw>
<status status="PASS" starttime="20221013 10:08:12.991" endtime="20221013 10:08:12.999"/>
</kw>
<kw name="Log" library="BuiltIn">
<arg>${CELL_VALUE}</arg>
<arg>console=yes</arg>
<doc>Logs the given message with the given level.</doc>
<msg timestamp="20221013 10:08:12.999" level="INFO">kipling@waterfront.com</msg>
<status status="PASS" starttime="20221013 10:08:12.999" endtime="20221013 10:08:12.999"/>
</kw>
<kw name="Append To List" library="Collections">
<arg>${INPUT_DATA}</arg>
<arg>${CELL_VALUE}</arg>
<doc>Adds ``values`` to the end of ``list``.</doc>
<status status="PASS" starttime="20221013 10:08:12.999" endtime="20221013 10:08:12.999"/>
</kw>
<status status="PASS" starttime="20221013 10:08:12.991" endtime="20221013 10:08:12.999"/>
</iter>
<iter>
<var name="${col}">7</var>
<kw name="Read Excel Cells" library="ExcelProcessing">
<arg>${row}</arg>
<arg>${col}</arg>
<kw name="Read Excel Cell" library="ExcelLibrary">
<var>${CELL_VALUE}</var>
<arg>row_num=${row}</arg>
<arg>col_num=${col}</arg>
<doc>Returns content of a cell.</doc>
<msg timestamp="20221013 10:08:12.999" level="INFO">${CELL_VALUE} = 40735416854</msg>
<status status="PASS" starttime="20221013 10:08:12.999" endtime="20221013 10:08:12.999"/>
</kw>
<kw name="Set Suite Variable" library="BuiltIn">
<arg>${CELL_VALUE}</arg>
<doc>Makes a variable available everywhere within the scope of the current suite.</doc>
<msg timestamp="20221013 10:08:12.999" level="INFO">${CELL_VALUE} = 40735416854</msg>
<status status="PASS" starttime="20221013 10:08:12.999" endtime="20221013 10:08:13.007"/>
</kw>
<status status="PASS" starttime="20221013 10:08:12.999" endtime="20221013 10:08:13.007"/>
</kw>
<kw name="Log" library="BuiltIn">
<arg>${CELL_VALUE}</arg>
<arg>console=yes</arg>
<doc>Logs the given message with the given level.</doc>
<msg timestamp="20221013 10:08:13.007" level="INFO">40735416854</msg>
<status status="PASS" starttime="20221013 10:08:13.007" endtime="20221013 10:08:13.007"/>
</kw>
<kw name="Append To List" library="Collections">
<arg>${INPUT_DATA}</arg>
<arg>${CELL_VALUE}</arg>
<doc>Adds ``values`` to the end of ``list``.</doc>
<status status="PASS" starttime="20221013 10:08:13.007" endtime="20221013 10:08:13.007"/>
</kw>
<status status="PASS" starttime="20221013 10:08:12.999" endtime="20221013 10:08:13.007"/>
</iter>
<status status="PASS" starttime="20221013 10:08:12.975" endtime="20221013 10:08:13.007"/>
</for>
<status status="PASS" starttime="20221013 10:08:12.975" endtime="20221013 10:08:13.007"/>
</iter>
<status status="PASS" starttime="20221013 10:08:12.975" endtime="20221013 10:08:13.007"/>
</for>
<status status="PASS" starttime="20221013 10:08:12.975" endtime="20221013 10:08:13.007"/>
</kw>
<kw name="Insert Data Into Input Fields" library="InputPage">
<kw name="Input Text" library="SeleniumLibrary">
<arg>${ADDRESS_INPUT}</arg>
<arg>${INPUT_DATA}[4]</arg>
<doc>Types the given ``text`` into the text field identified by ``locator``.</doc>
<msg timestamp="20221013 10:08:13.007" level="INFO">Typing text '22 Guild Street' into text field 'css=input[ng-reflect-name='labelAddress']'.</msg>
<status status="PASS" starttime="20221013 10:08:13.007" endtime="20221013 10:08:13.095"/>
</kw>
<kw name="Input Text" library="SeleniumLibrary">
<arg>${COMPANY_INPUT}</arg>
<arg>${INPUT_DATA}[2]</arg>
<doc>Types the given ``text`` into the text field identified by ``locator``.</doc>
<msg timestamp="20221013 10:08:13.095" level="INFO">Typing text 'Waterfront' into text field 'css=input[ng-reflect-name='labelCompanyName']'.</msg>
<status status="PASS" starttime="20221013 10:08:13.095" endtime="20221013 10:08:13.151"/>
</kw>
<kw name="Input Text" library="SeleniumLibrary">
<arg>${EMAIL_INPUT}</arg>
<arg>${INPUT_DATA}[5]</arg>
<doc>Types the given ``text`` into the text field identified by ``locator``.</doc>
<msg timestamp="20221013 10:08:13.151" level="INFO">Typing text 'kipling@waterfront.com' into text field 'css=input[ng-reflect-name='labelEmail']'.</msg>
<status status="PASS" starttime="20221013 10:08:13.151" endtime="20221013 10:08:13.239"/>
</kw>
<kw name="Input Text" library="SeleniumLibrary">
<arg>${FIRST_NAME_INPUT}</arg>
<arg>${INPUT_DATA}[0]</arg>
<doc>Types the given ``text`` into the text field identified by ``locator``.</doc>
<msg timestamp="20221013 10:08:13.239" level="INFO">Typing text 'Albert' into text field 'css=input[ng-reflect-name='labelFirstName']'.</msg>
<status status="PASS" starttime="20221013 10:08:13.239" endtime="20221013 10:08:13.287"/>
</kw>
<kw name="Input Text" library="SeleniumLibrary">
<arg>${LAST_NAME_INPUT}</arg>
<arg>${INPUT_DATA}[1]</arg>
<doc>Types the given ``text`` into the text field identified by ``locator``.</doc>
<msg timestamp="20221013 10:08:13.287" level="INFO">Typing text 'Kipling' into text field 'css=input[ng-reflect-name='labelLastName']'.</msg>
<status status="PASS" starttime="20221013 10:08:13.287" endtime="20221013 10:08:13.343"/>
</kw>
<kw name="Input Text" library="SeleniumLibrary">
<arg>${PHONE_INPUT}</arg>
<arg>${INPUT_DATA}[6]</arg>
<doc>Types the given ``text`` into the text field identified by ``locator``.</doc>
<msg timestamp="20221013 10:08:13.343" level="INFO">Typing text '40735416854' into text field 'css=input[ng-reflect-name='labelPhone']'.</msg>
<status status="PASS" starttime="20221013 10:08:13.343" endtime="20221013 10:08:13.399"/>
</kw>
<kw name="Input Text" library="SeleniumLibrary">
<arg>${ROLE_INPUT}</arg>
<arg>${INPUT_DATA}[3]</arg>
<doc>Types the given ``text`` into the text field identified by ``locator``.</doc>
<msg timestamp="20221013 10:08:13.399" level="INFO">Typing text 'Accountant' into text field 'css=input[ng-reflect-name='labelRole']'.</msg>
<status status="PASS" starttime="20221013 10:08:13.399" endtime="20221013 10:08:13.447"/>
</kw>
<kw name="Sleep" library="BuiltIn">
<arg>2s</arg>
<doc>Pauses the test executed for the given time.</doc>
<msg timestamp="20221013 10:08:15.450" level="INFO">Slept 2 seconds</msg>
<status status="PASS" starttime="20221013 10:08:13.447" endtime="20221013 10:08:15.450"/>
</kw>
<status status="PASS" starttime="20221013 10:08:13.007" endtime="20221013 10:08:15.450"/>
</kw>
<kw name="Click &quot;Submit&quot; Button" library="InputPage">
<kw name="Click Button" library="SeleniumLibrary">
<arg>${SUBMIT_BUTTON}</arg>
<doc>Clicks the button identified by ``locator``.</doc>
<msg timestamp="20221013 10:08:15.450" level="INFO">Clicking button 'css=input[value='Submit']'.</msg>
<status status="PASS" starttime="20221013 10:08:15.450" endtime="20221013 10:08:15.706"/>
</kw>
<status status="PASS" starttime="20221013 10:08:15.450" endtime="20221013 10:08:15.706"/>
</kw>
<kw name="Verify Input Page Loaded" library="InputPage">
<kw name="Wait Until Page Contains Element" library="SeleniumLibrary">
<arg>${ADDRESS_INPUT}</arg>
<arg>timeout=15s</arg>
<doc>Waits until the element ``locator`` appears on the current page.</doc>
<status status="PASS" starttime="20221013 10:08:15.706" endtime="20221013 10:08:15.713"/>
</kw>
<kw name="Wait Until Page Contains Element" library="SeleniumLibrary">
<arg>${COMPANY_INPUT}</arg>
<arg>timeout=15s</arg>
<doc>Waits until the element ``locator`` appears on the current page.</doc>
<status status="PASS" starttime="20221013 10:08:15.713" endtime="20221013 10:08:15.721"/>
</kw>
<kw name="Wait Until Page Contains Element" library="SeleniumLibrary">
<arg>${EMAIL_INPUT}</arg>
<arg>timeout=15s</arg>
<doc>Waits until the element ``locator`` appears on the current page.</doc>
<status status="PASS" starttime="20221013 10:08:15.721" endtime="20221013 10:08:15.721"/>
</kw>
<kw name="Wait Until Page Contains Element" library="SeleniumLibrary">
<arg>${FIRST_NAME_INPUT}</arg>
<arg>timeout=15s</arg>
<doc>Waits until the element ``locator`` appears on the current page.</doc>
<status status="PASS" starttime="20221013 10:08:15.721" endtime="20221013 10:08:15.729"/>
</kw>
<kw name="Wait Until Page Contains Element" library="SeleniumLibrary">
<arg>${LAST_NAME_INPUT}</arg>
<arg>timeout=15s</arg>
<doc>Waits until the element ``locator`` appears on the current page.</doc>
<status status="PASS" starttime="20221013 10:08:15.729" endtime="20221013 10:08:15.737"/>
</kw>
<kw name="Wait Until Page Contains Element" library="SeleniumLibrary">
<arg>${PHONE_INPUT}</arg>
<arg>timeout=15s</arg>
<doc>Waits until the element ``locator`` appears on the current page.</doc>
<status status="PASS" starttime="20221013 10:08:15.737" endtime="20221013 10:08:15.737"/>
</kw>
<kw name="Wait Until Page Contains Element" library="SeleniumLibrary">
<arg>${ROLE_INPUT}</arg>
<arg>timeout=15s</arg>
<doc>Waits until the element ``locator`` appears on the current page.</doc>
<status status="PASS" starttime="20221013 10:08:15.737" endtime="20221013 10:08:15.745"/>
</kw>
<status status="PASS" starttime="20221013 10:08:15.706" endtime="20221013 10:08:15.745"/>
</kw>
<kw name="Clear List Values" library="ExcelProcessing">
<for flavor="IN">
<var>${elem}</var>
<value>@{INPUT_DATA}</value>
<iter>
<var name="${elem}">Albert</var>
<kw name="Remove Values From List" library="Collections">
<arg>${INPUT_DATA}</arg>
<arg>${elem}</arg>
<doc>Removes all occurrences of given ``values`` from ``list``.</doc>
<status status="PASS" starttime="20221013 10:08:15.745" endtime="20221013 10:08:15.745"/>
</kw>
<status status="PASS" starttime="20221013 10:08:15.745" endtime="20221013 10:08:15.745"/>
</iter>
<iter>
<var name="${elem}">Kipling</var>
<kw name="Remove Values From List" library="Collections">
<arg>${INPUT_DATA}</arg>
<arg>${elem}</arg>
<doc>Removes all occurrences of given ``values`` from ``list``.</doc>
<status status="PASS" starttime="20221013 10:08:15.745" endtime="20221013 10:08:15.745"/>
</kw>
<status status="PASS" starttime="20221013 10:08:15.745" endtime="20221013 10:08:15.745"/>
</iter>
<iter>
<var name="${elem}">Waterfront</var>
<kw name="Remove Values From List" library="Collections">
<arg>${INPUT_DATA}</arg>
<arg>${elem}</arg>
<doc>Removes all occurrences of given ``values`` from ``list``.</doc>
<status status="PASS" starttime="20221013 10:08:15.745" endtime="20221013 10:08:15.745"/>
</kw>
<status status="PASS" starttime="20221013 10:08:15.745" endtime="20221013 10:08:15.745"/>
</iter>
<iter>
<var name="${elem}">Accountant</var>
<kw name="Remove Values From List" library="Collections">
<arg>${INPUT_DATA}</arg>
<arg>${elem}</arg>
<doc>Removes all occurrences of given ``values`` from ``list``.</doc>
<status status="PASS" starttime="20221013 10:08:15.745" endtime="20221013 10:08:15.745"/>
</kw>
<status status="PASS" starttime="20221013 10:08:15.745" endtime="20221013 10:08:15.745"/>
</iter>
<iter>
<var name="${elem}">22 Guild Street</var>
<kw name="Remove Values From List" library="Collections">
<arg>${INPUT_DATA}</arg>
<arg>${elem}</arg>
<doc>Removes all occurrences of given ``values`` from ``list``.</doc>
<status status="PASS" starttime="20221013 10:08:15.745" endtime="20221013 10:08:15.745"/>
</kw>
<status status="PASS" starttime="20221013 10:08:15.745" endtime="20221013 10:08:15.745"/>
</iter>
<iter>
<var name="${elem}">kipling@waterfront.com</var>
<kw name="Remove Values From List" library="Collections">
<arg>${INPUT_DATA}</arg>
<arg>${elem}</arg>
<doc>Removes all occurrences of given ``values`` from ``list``.</doc>
<status status="PASS" starttime="20221013 10:08:15.745" endtime="20221013 10:08:15.745"/>
</kw>
<status status="PASS" starttime="20221013 10:08:15.745" endtime="20221013 10:08:15.745"/>
</iter>
<iter>
<var name="${elem}">40735416854</var>
<kw name="Remove Values From List" library="Collections">
<arg>${INPUT_DATA}</arg>
<arg>${elem}</arg>
<doc>Removes all occurrences of given ``values`` from ``list``.</doc>
<status status="PASS" starttime="20221013 10:08:15.745" endtime="20221013 10:08:15.753"/>
</kw>
<status status="PASS" starttime="20221013 10:08:15.745" endtime="20221013 10:08:15.753"/>
</iter>
<status status="PASS" starttime="20221013 10:08:15.745" endtime="20221013 10:08:15.753"/>
</for>
<status status="PASS" starttime="20221013 10:08:15.745" endtime="20221013 10:08:15.753"/>
</kw>
<status status="PASS" starttime="20221013 10:08:12.975" endtime="20221013 10:08:15.753"/>
</iter>
<iter>
<var name="${ITERATION_VALUE}">5</var>
<kw name="Loop And Read Through Cells And Append List" library="ExcelProcessing">
<arg>${ITERATION_VALUE}</arg>
<for flavor="IN">
<var>${row}</var>
<value>${iteration}</value>
<iter>
<var name="${row}">5</var>
<for flavor="IN RANGE">
<var>${col}</var>
<value>1</value>
<value>8</value>
<iter>
<var name="${col}">1</var>
<kw name="Read Excel Cells" library="ExcelProcessing">
<arg>${row}</arg>
<arg>${col}</arg>
<kw name="Read Excel Cell" library="ExcelLibrary">
<var>${CELL_VALUE}</var>
<arg>row_num=${row}</arg>
<arg>col_num=${col}</arg>
<doc>Returns content of a cell.</doc>
<msg timestamp="20221013 10:08:15.753" level="INFO">${CELL_VALUE} = Michael</msg>
<status status="PASS" starttime="20221013 10:08:15.753" endtime="20221013 10:08:15.753"/>
</kw>
<kw name="Set Suite Variable" library="BuiltIn">
<arg>${CELL_VALUE}</arg>
<doc>Makes a variable available everywhere within the scope of the current suite.</doc>
<msg timestamp="20221013 10:08:15.753" level="INFO">${CELL_VALUE} = Michael</msg>
<status status="PASS" starttime="20221013 10:08:15.753" endtime="20221013 10:08:15.753"/>
</kw>
<status status="PASS" starttime="20221013 10:08:15.753" endtime="20221013 10:08:15.753"/>
</kw>
<kw name="Log" library="BuiltIn">
<arg>${CELL_VALUE}</arg>
<arg>console=yes</arg>
<doc>Logs the given message with the given level.</doc>
<msg timestamp="20221013 10:08:15.753" level="INFO">Michael</msg>
<status status="PASS" starttime="20221013 10:08:15.753" endtime="20221013 10:08:15.753"/>
</kw>
<kw name="Append To List" library="Collections">
<arg>${INPUT_DATA}</arg>
<arg>${CELL_VALUE}</arg>
<doc>Adds ``values`` to the end of ``list``.</doc>
<status status="PASS" starttime="20221013 10:08:15.753" endtime="20221013 10:08:15.753"/>
</kw>
<status status="PASS" starttime="20221013 10:08:15.753" endtime="20221013 10:08:15.753"/>
</iter>
<iter>
<var name="${col}">2</var>
<kw name="Read Excel Cells" library="ExcelProcessing">
<arg>${row}</arg>
<arg>${col}</arg>
<kw name="Read Excel Cell" library="ExcelLibrary">
<var>${CELL_VALUE}</var>
<arg>row_num=${row}</arg>
<arg>col_num=${col}</arg>
<doc>Returns content of a cell.</doc>
<msg timestamp="20221013 10:08:15.753" level="INFO">${CELL_VALUE} = Robertson</msg>
<status status="PASS" starttime="20221013 10:08:15.753" endtime="20221013 10:08:15.753"/>
</kw>
<kw name="Set Suite Variable" library="BuiltIn">
<arg>${CELL_VALUE}</arg>
<doc>Makes a variable available everywhere within the scope of the current suite.</doc>
<msg timestamp="20221013 10:08:15.753" level="INFO">${CELL_VALUE} = Robertson</msg>
<status status="PASS" starttime="20221013 10:08:15.753" endtime="20221013 10:08:15.753"/>
</kw>
<status status="PASS" starttime="20221013 10:08:15.753" endtime="20221013 10:08:15.753"/>
</kw>
<kw name="Log" library="BuiltIn">
<arg>${CELL_VALUE}</arg>
<arg>console=yes</arg>
<doc>Logs the given message with the given level.</doc>
<msg timestamp="20221013 10:08:15.753" level="INFO">Robertson</msg>
<status status="PASS" starttime="20221013 10:08:15.753" endtime="20221013 10:08:15.753"/>
</kw>
<kw name="Append To List" library="Collections">
<arg>${INPUT_DATA}</arg>
<arg>${CELL_VALUE}</arg>
<doc>Adds ``values`` to the end of ``list``.</doc>
<status status="PASS" starttime="20221013 10:08:15.753" endtime="20221013 10:08:15.753"/>
</kw>
<status status="PASS" starttime="20221013 10:08:15.753" endtime="20221013 10:08:15.753"/>
</iter>
<iter>
<var name="${col}">3</var>
<kw name="Read Excel Cells" library="ExcelProcessing">
<arg>${row}</arg>
<arg>${col}</arg>
<kw name="Read Excel Cell" library="ExcelLibrary">
<var>${CELL_VALUE}</var>
<arg>row_num=${row}</arg>
<arg>col_num=${col}</arg>
<doc>Returns content of a cell.</doc>
<msg timestamp="20221013 10:08:15.761" level="INFO">${CELL_VALUE} = MediCare</msg>
<status status="PASS" starttime="20221013 10:08:15.761" endtime="20221013 10:08:15.761"/>
</kw>
<kw name="Set Suite Variable" library="BuiltIn">
<arg>${CELL_VALUE}</arg>
<doc>Makes a variable available everywhere within the scope of the current suite.</doc>
<msg timestamp="20221013 10:08:15.761" level="INFO">${CELL_VALUE} = MediCare</msg>
<status status="PASS" starttime="20221013 10:08:15.761" endtime="20221013 10:08:15.761"/>
</kw>
<status status="PASS" starttime="20221013 10:08:15.753" endtime="20221013 10:08:15.761"/>
</kw>
<kw name="Log" library="BuiltIn">
<arg>${CELL_VALUE}</arg>
<arg>console=yes</arg>
<doc>Logs the given message with the given level.</doc>
<msg timestamp="20221013 10:08:15.761" level="INFO">MediCare</msg>
<status status="PASS" starttime="20221013 10:08:15.761" endtime="20221013 10:08:15.761"/>
</kw>
<kw name="Append To List" library="Collections">
<arg>${INPUT_DATA}</arg>
<arg>${CELL_VALUE}</arg>
<doc>Adds ``values`` to the end of ``list``.</doc>
<status status="PASS" starttime="20221013 10:08:15.761" endtime="20221013 10:08:15.761"/>
</kw>
<status status="PASS" starttime="20221013 10:08:15.753" endtime="20221013 10:08:15.761"/>
</iter>
<iter>
<var name="${col}">4</var>
<kw name="Read Excel Cells" library="ExcelProcessing">
<arg>${row}</arg>
<arg>${col}</arg>
<kw name="Read Excel Cell" library="ExcelLibrary">
<var>${CELL_VALUE}</var>
<arg>row_num=${row}</arg>
<arg>col_num=${col}</arg>
<doc>Returns content of a cell.</doc>
<msg timestamp="20221013 10:08:15.761" level="INFO">${CELL_VALUE} = IT Specialist</msg>
<status status="PASS" starttime="20221013 10:08:15.761" endtime="20221013 10:08:15.761"/>
</kw>
<kw name="Set Suite Variable" library="BuiltIn">
<arg>${CELL_VALUE}</arg>
<doc>Makes a variable available everywhere within the scope of the current suite.</doc>
<msg timestamp="20221013 10:08:15.761" level="INFO">${CELL_VALUE} = IT Specialist</msg>
<status status="PASS" starttime="20221013 10:08:15.761" endtime="20221013 10:08:15.761"/>
</kw>
<status status="PASS" starttime="20221013 10:08:15.761" endtime="20221013 10:08:15.761"/>
</kw>
<kw name="Log" library="BuiltIn">
<arg>${CELL_VALUE}</arg>
<arg>console=yes</arg>
<doc>Logs the given message with the given level.</doc>
<msg timestamp="20221013 10:08:15.761" level="INFO">IT Specialist</msg>
<status status="PASS" starttime="20221013 10:08:15.761" endtime="20221013 10:08:15.761"/>
</kw>
<kw name="Append To List" library="Collections">
<arg>${INPUT_DATA}</arg>
<arg>${CELL_VALUE}</arg>
<doc>Adds ``values`` to the end of ``list``.</doc>
<status status="PASS" starttime="20221013 10:08:15.761" endtime="20221013 10:08:15.761"/>
</kw>
<status status="PASS" starttime="20221013 10:08:15.761" endtime="20221013 10:08:15.761"/>
</iter>
<iter>
<var name="${col}">5</var>
<kw name="Read Excel Cells" library="ExcelProcessing">
<arg>${row}</arg>
<arg>${col}</arg>
<kw name="Read Excel Cell" library="ExcelLibrary">
<var>${CELL_VALUE}</var>
<arg>row_num=${row}</arg>
<arg>col_num=${col}</arg>
<doc>Returns content of a cell.</doc>
<msg timestamp="20221013 10:08:15.761" level="INFO">${CELL_VALUE} = 17 Farburn Terrace</msg>
<status status="PASS" starttime="20221013 10:08:15.761" endtime="20221013 10:08:15.761"/>
</kw>
<kw name="Set Suite Variable" library="BuiltIn">
<arg>${CELL_VALUE}</arg>
<doc>Makes a variable available everywhere within the scope of the current suite.</doc>
<msg timestamp="20221013 10:08:15.761" level="INFO">${CELL_VALUE} = 17 Farburn Terrace</msg>
<status status="PASS" starttime="20221013 10:08:15.761" endtime="20221013 10:08:15.761"/>
</kw>
<status status="PASS" starttime="20221013 10:08:15.761" endtime="20221013 10:08:15.761"/>
</kw>
<kw name="Log" library="BuiltIn">
<arg>${CELL_VALUE}</arg>
<arg>console=yes</arg>
<doc>Logs the given message with the given level.</doc>
<msg timestamp="20221013 10:08:15.769" level="INFO">17 Farburn Terrace</msg>
<status status="PASS" starttime="20221013 10:08:15.761" endtime="20221013 10:08:15.769"/>
</kw>
<kw name="Append To List" library="Collections">
<arg>${INPUT_DATA}</arg>
<arg>${CELL_VALUE}</arg>
<doc>Adds ``values`` to the end of ``list``.</doc>
<status status="PASS" starttime="20221013 10:08:15.769" endtime="20221013 10:08:15.769"/>
</kw>
<status status="PASS" starttime="20221013 10:08:15.761" endtime="20221013 10:08:15.769"/>
</iter>
<iter>
<var name="${col}">6</var>
<kw name="Read Excel Cells" library="ExcelProcessing">
<arg>${row}</arg>
<arg>${col}</arg>
<kw name="Read Excel Cell" library="ExcelLibrary">
<var>${CELL_VALUE}</var>
<arg>row_num=${row}</arg>
<arg>col_num=${col}</arg>
<doc>Returns content of a cell.</doc>
<msg timestamp="20221013 10:08:15.769" level="INFO">${CELL_VALUE} = mrobertson@mc.com</msg>
<status status="PASS" starttime="20221013 10:08:15.769" endtime="20221013 10:08:15.769"/>
</kw>
<kw name="Set Suite Variable" library="BuiltIn">
<arg>${CELL_VALUE}</arg>
<doc>Makes a variable available everywhere within the scope of the current suite.</doc>
<msg timestamp="20221013 10:08:15.769" level="INFO">${CELL_VALUE} = mrobertson@mc.com</msg>
<status status="PASS" starttime="20221013 10:08:15.769" endtime="20221013 10:08:15.769"/>
</kw>
<status status="PASS" starttime="20221013 10:08:15.769" endtime="20221013 10:08:15.769"/>
</kw>
<kw name="Log" library="BuiltIn">
<arg>${CELL_VALUE}</arg>
<arg>console=yes</arg>
<doc>Logs the given message with the given level.</doc>
<msg timestamp="20221013 10:08:15.769" level="INFO">mrobertson@mc.com</msg>
<status status="PASS" starttime="20221013 10:08:15.769" endtime="20221013 10:08:15.769"/>
</kw>
<kw name="Append To List" library="Collections">
<arg>${INPUT_DATA}</arg>
<arg>${CELL_VALUE}</arg>
<doc>Adds ``values`` to the end of ``list``.</doc>
<status status="PASS" starttime="20221013 10:08:15.769" endtime="20221013 10:08:15.769"/>
</kw>
<status status="PASS" starttime="20221013 10:08:15.769" endtime="20221013 10:08:15.769"/>
</iter>
<iter>
<var name="${col}">7</var>
<kw name="Read Excel Cells" library="ExcelProcessing">
<arg>${row}</arg>
<arg>${col}</arg>
<kw name="Read Excel Cell" library="ExcelLibrary">
<var>${CELL_VALUE}</var>
<arg>row_num=${row}</arg>
<arg>col_num=${col}</arg>
<doc>Returns content of a cell.</doc>
<msg timestamp="20221013 10:08:15.769" level="INFO">${CELL_VALUE} = 40733652145</msg>
<status status="PASS" starttime="20221013 10:08:15.769" endtime="20221013 10:08:15.769"/>
</kw>
<kw name="Set Suite Variable" library="BuiltIn">
<arg>${CELL_VALUE}</arg>
<doc>Makes a variable available everywhere within the scope of the current suite.</doc>
<msg timestamp="20221013 10:08:15.769" level="INFO">${CELL_VALUE} = 40733652145</msg>
<status status="PASS" starttime="20221013 10:08:15.769" endtime="20221013 10:08:15.769"/>
</kw>
<status status="PASS" starttime="20221013 10:08:15.769" endtime="20221013 10:08:15.769"/>
</kw>
<kw name="Log" library="BuiltIn">
<arg>${CELL_VALUE}</arg>
<arg>console=yes</arg>
<doc>Logs the given message with the given level.</doc>
<msg timestamp="20221013 10:08:15.769" level="INFO">40733652145</msg>
<status status="PASS" starttime="20221013 10:08:15.769" endtime="20221013 10:08:15.769"/>
</kw>
<kw name="Append To List" library="Collections">
<arg>${INPUT_DATA}</arg>
<arg>${CELL_VALUE}</arg>
<doc>Adds ``values`` to the end of ``list``.</doc>
<status status="PASS" starttime="20221013 10:08:15.769" endtime="20221013 10:08:15.769"/>
</kw>
<status status="PASS" starttime="20221013 10:08:15.769" endtime="20221013 10:08:15.769"/>
</iter>
<status status="PASS" starttime="20221013 10:08:15.753" endtime="20221013 10:08:15.769"/>
</for>
<status status="PASS" starttime="20221013 10:08:15.753" endtime="20221013 10:08:15.769"/>
</iter>
<status status="PASS" starttime="20221013 10:08:15.753" endtime="20221013 10:08:15.769"/>
</for>
<status status="PASS" starttime="20221013 10:08:15.753" endtime="20221013 10:08:15.769"/>
</kw>
<kw name="Insert Data Into Input Fields" library="InputPage">
<kw name="Input Text" library="SeleniumLibrary">
<arg>${ADDRESS_INPUT}</arg>
<arg>${INPUT_DATA}[4]</arg>
<doc>Types the given ``text`` into the text field identified by ``locator``.</doc>
<msg timestamp="20221013 10:08:15.778" level="INFO">Typing text '17 Farburn Terrace' into text field 'css=input[ng-reflect-name='labelAddress']'.</msg>
<status status="PASS" starttime="20221013 10:08:15.769" endtime="20221013 10:08:15.850"/>
</kw>
<kw name="Input Text" library="SeleniumLibrary">
<arg>${COMPANY_INPUT}</arg>
<arg>${INPUT_DATA}[2]</arg>
<doc>Types the given ``text`` into the text field identified by ``locator``.</doc>
[...]
<status status="PASS" starttime="20221013 10:08:31.997" endtime="20221013 10:08:31.997"/>
</kw>
<status status="PASS" starttime="20221013 10:08:31.997" endtime="20221013 10:08:31.997"/>
</kw>
<kw name="Log" library="BuiltIn">
<arg>${CELL_VALUE}</arg>
<arg>console=yes</arg>
<doc>Logs the given message with the given level.</doc>
<msg timestamp="20221013 10:08:31.997" level="INFO">Palmer</msg>
<status status="PASS" starttime="20221013 10:08:31.997" endtime="20221013 10:08:31.997"/>
</kw>
<kw name="Append To List" library="Collections">
<arg>${INPUT_DATA}</arg>
<arg>${CELL_VALUE}</arg>
<doc>Adds ``values`` to the end of ``list``.</doc>
<status status="PASS" starttime="20221013 10:08:31.997" endtime="20221013 10:08:31.997"/>
</kw>
<status status="PASS" starttime="20221013 10:08:31.997" endtime="20221013 10:08:31.997"/>
</iter>
<iter>
<var name="${col}">3</var>
<kw name="Read Excel Cells" library="ExcelProcessing">
<arg>${row}</arg>
<arg>${col}</arg>
<kw name="Read Excel Cell" library="ExcelLibrary">
<var>${CELL_VALUE}</var>
<arg>row_num=${row}</arg>
<arg>col_num=${col}</arg>
<doc>Returns content of a cell.</doc>
<msg timestamp="20221013 10:08:31.997" level="INFO">${CELL_VALUE} = Timepath Inc.</msg>
<status status="PASS" starttime="20221013 10:08:31.997" endtime="20221013 10:08:31.997"/>
</kw>
<kw name="Set Suite Variable" library="BuiltIn">
<arg>${CELL_VALUE}</arg>
<doc>Makes a variable available everywhere within the scope of the current suite.</doc>
<msg timestamp="20221013 10:08:31.997" level="INFO">${CELL_VALUE} = Timepath Inc.</msg>
<status status="PASS" starttime="20221013 10:08:31.997" endtime="20221013 10:08:31.997"/>
</kw>
<status status="PASS" starttime="20221013 10:08:31.997" endtime="20221013 10:08:31.997"/>
</kw>
<kw name="Log" library="BuiltIn">
<arg>${CELL_VALUE}</arg>
<arg>console=yes</arg>
<doc>Logs the given message with the given level.</doc>
<msg timestamp="20221013 10:08:31.997" level="INFO">Timepath Inc.</msg>
<status status="PASS" starttime="20221013 10:08:31.997" endtime="20221013 10:08:32.005"/>
</kw>
<kw name="Append To List" library="Collections">
<arg>${INPUT_DATA}</arg>
<arg>${CELL_VALUE}</arg>
<doc>Adds ``values`` to the end of ``list``.</doc>
<status status="PASS" starttime="20221013 10:08:32.005" endtime="20221013 10:08:32.005"/>
</kw>
<status status="PASS" starttime="20221013 10:08:31.997" endtime="20221013 10:08:32.005"/>
</iter>
<iter>
<var name="${col}">4</var>
<kw name="Read Excel Cells" library="ExcelProcessing">
<arg>${row}</arg>
<arg>${col}</arg>
<kw name="Read Excel Cell" library="ExcelLibrary">
<var>${CELL_VALUE}</var>
<arg>row_num=${row}</arg>
<arg>col_num=${col}</arg>
<doc>Returns content of a cell.</doc>
<msg timestamp="20221013 10:08:32.005" level="INFO">${CELL_VALUE} = Programmer</msg>
<status status="PASS" starttime="20221013 10:08:32.005" endtime="20221013 10:08:32.005"/>
</kw>
<kw name="Set Suite Variable" library="BuiltIn">
<arg>${CELL_VALUE}</arg>
<doc>Makes a variable available everywhere within the scope of the current suite.</doc>
<msg timestamp="20221013 10:08:32.005" level="INFO">${CELL_VALUE} = Programmer</msg>
<status status="PASS" starttime="20221013 10:08:32.005" endtime="20221013 10:08:32.005"/>
</kw>
<status status="PASS" starttime="20221013 10:08:32.005" endtime="20221013 10:08:32.005"/>
</kw>
<kw name="Log" library="BuiltIn">
<arg>${CELL_VALUE}</arg>
<arg>console=yes</arg>
<doc>Logs the given message with the given level.</doc>
<msg timestamp="20221013 10:08:32.005" level="INFO">Programmer</msg>
<status status="PASS" starttime="20221013 10:08:32.005" endtime="20221013 10:08:32.005"/>
</kw>
<kw name="Append To List" library="Collections">
<arg>${INPUT_DATA}</arg>
<arg>${CELL_VALUE}</arg>
<doc>Adds ``values`` to the end of ``list``.</doc>
<status status="PASS" starttime="20221013 10:08:32.005" endtime="20221013 10:08:32.005"/>
</kw>
<status status="PASS" starttime="20221013 10:08:32.005" endtime="20221013 10:08:32.005"/>
</iter>
<iter>
<var name="${col}">5</var>
<kw name="Read Excel Cells" library="ExcelProcessing">
<arg>${row}</arg>
<arg>${col}</arg>
<kw name="Read Excel Cell" library="ExcelLibrary">
<var>${CELL_VALUE}</var>
<arg>row_num=${row}</arg>
<arg>col_num=${col}</arg>
<doc>Returns content of a cell.</doc>
<msg timestamp="20221013 10:08:32.013" level="INFO">${CELL_VALUE} = 87 Orange Street</msg>
<status status="PASS" starttime="20221013 10:08:32.005" endtime="20221013 10:08:32.013"/>
</kw>
<kw name="Set Suite Variable" library="BuiltIn">
<arg>${CELL_VALUE}</arg>
<doc>Makes a variable available everywhere within the scope of the current suite.</doc>
<msg timestamp="20221013 10:08:32.013" level="INFO">${CELL_VALUE} = 87 Orange Street</msg>
<status status="PASS" starttime="20221013 10:08:32.013" endtime="20221013 10:08:32.013"/>
</kw>
<status status="PASS" starttime="20221013 10:08:32.005" endtime="20221013 10:08:32.013"/>
</kw>
<kw name="Log" library="BuiltIn">
<arg>${CELL_VALUE}</arg>
<arg>console=yes</arg>
<doc>Logs the given message with the given level.</doc>
<msg timestamp="20221013 10:08:32.013" level="INFO">87 Orange Street</msg>
<status status="PASS" starttime="20221013 10:08:32.013" endtime="20221013 10:08:32.013"/>
</kw>
<kw name="Append To List" library="Collections">
<arg>${INPUT_DATA}</arg>
<arg>${CELL_VALUE}</arg>
<doc>Adds ``values`` to the end of ``list``.</doc>
<status status="PASS" starttime="20221013 10:08:32.013" endtime="20221013 10:08:32.013"/>
</kw>
<status status="PASS" starttime="20221013 10:08:32.005" endtime="20221013 10:08:32.013"/>
</iter>
<iter>
<var name="${col}">6</var>
<kw name="Read Excel Cells" library="ExcelProcessing">
<arg>${row}</arg>
<arg>${col}</arg>
<kw name="Read Excel Cell" library="ExcelLibrary">
<var>${CELL_VALUE}</var>
<arg>row_num=${row}</arg>
<arg>col_num=${col}</arg>
<doc>Returns content of a cell.</doc>
<msg timestamp="20221013 10:08:32.013" level="INFO">${CELL_VALUE} = lpalmer@timepath.co.uk</msg>
<status status="PASS" starttime="20221013 10:08:32.013" endtime="20221013 10:08:32.013"/>
</kw>
<kw name="Set Suite Variable" library="BuiltIn">
<arg>${CELL_VALUE}</arg>
<doc>Makes a variable available everywhere within the scope of the current suite.</doc>
<msg timestamp="20221013 10:08:32.013" level="INFO">${CELL_VALUE} = lpalmer@timepath.co.uk</msg>
<status status="PASS" starttime="20221013 10:08:32.013" endtime="20221013 10:08:32.013"/>
</kw>
<status status="PASS" starttime="20221013 10:08:32.013" endtime="20221013 10:08:32.013"/>
</kw>
<kw name="Log" library="BuiltIn">
<arg>${CELL_VALUE}</arg>
<arg>console=yes</arg>
<doc>Logs the given message with the given level.</doc>
<msg timestamp="20221013 10:08:32.013" level="INFO">lpalmer@timepath.co.uk</msg>
<status status="PASS" starttime="20221013 10:08:32.013" endtime="20221013 10:08:32.013"/>
</kw>
<kw name="Append To List" library="Collections">
<arg>${INPUT_DATA}</arg>
<arg>${CELL_VALUE}</arg>
<doc>Adds ``values`` to the end of ``list``.</doc>
<status status="PASS" starttime="20221013 10:08:32.021" endtime="20221013 10:08:32.021"/>
</kw>
<status status="PASS" starttime="20221013 10:08:32.013" endtime="20221013 10:08:32.021"/>
</iter>
<iter>
<var name="${col}">7</var>
<kw name="Read Excel Cells" library="ExcelProcessing">
<arg>${row}</arg>
<arg>${col}</arg>
<kw name="Read Excel Cell" library="ExcelLibrary">
<var>${CELL_VALUE}</var>
<arg>row_num=${row}</arg>
<arg>col_num=${col}</arg>
<doc>Returns content of a cell.</doc>
<msg timestamp="20221013 10:08:32.021" level="INFO">${CELL_VALUE} = 40731653845</msg>
<status status="PASS" starttime="20221013 10:08:32.021" endtime="20221013 10:08:32.021"/>
</kw>
<kw name="Set Suite Variable" library="BuiltIn">
<arg>${CELL_VALUE}</arg>
<doc>Makes a variable available everywhere within the scope of the current suite.</doc>
<msg timestamp="20221013 10:08:32.021" level="INFO">${CELL_VALUE} = 40731653845</msg>
<status status="PASS" starttime="20221013 10:08:32.021" endtime="20221013 10:08:32.021"/>
</kw>
<status status="PASS" starttime="20221013 10:08:32.021" endtime="20221013 10:08:32.021"/>
</kw>
<kw name="Log" library="BuiltIn">
<arg>${CELL_VALUE}</arg>
<arg>console=yes</arg>
<doc>Logs the given message with the given level.</doc>
<msg timestamp="20221013 10:08:32.021" level="INFO">40731653845</msg>
<status status="PASS" starttime="20221013 10:08:32.021" endtime="20221013 10:08:32.021"/>
</kw>
<kw name="Append To List" library="Collections">
<arg>${INPUT_DATA}</arg>
<arg>${CELL_VALUE}</arg>
<doc>Adds ``values`` to the end of ``list``.</doc>
<status status="PASS" starttime="20221013 10:08:32.021" endtime="20221013 10:08:32.021"/>
</kw>
<status status="PASS" starttime="20221013 10:08:32.021" endtime="20221013 10:08:32.021"/>
</iter>
<status status="PASS" starttime="20221013 10:08:31.989" endtime="20221013 10:08:32.021"/>
</for>
<status status="PASS" starttime="20221013 10:08:31.989" endtime="20221013 10:08:32.021"/>
</iter>
<status status="PASS" starttime="20221013 10:08:31.989" endtime="20221013 10:08:32.021"/>
</for>
<status status="PASS" starttime="20221013 10:08:31.989" endtime="20221013 10:08:32.021"/>
</kw>
<kw name="Insert Data Into Input Fields" library="InputPage">
<kw name="Input Text" library="SeleniumLibrary">
<arg>${ADDRESS_INPUT}</arg>
<arg>${INPUT_DATA}[4]</arg>
<doc>Types the given ``text`` into the text field identified by ``locator``.</doc>
<msg timestamp="20221013 10:08:32.029" level="INFO">Typing text '87 Orange Street' into text field 'css=input[ng-reflect-name='labelAddress']'.</msg>
<status status="PASS" starttime="20221013 10:08:32.021" endtime="20221013 10:08:32.093"/>
</kw>
<kw name="Input Text" library="SeleniumLibrary">
<arg>${COMPANY_INPUT}</arg>
<arg>${INPUT_DATA}[2]</arg>
<doc>Types the given ``text`` into the text field identified by ``locator``.</doc>
<msg timestamp="20221013 10:08:32.093" level="INFO">Typing text 'Timepath Inc.' into text field 'css=input[ng-reflect-name='labelCompanyName']'.</msg>
<status status="PASS" starttime="20221013 10:08:32.093" endtime="20221013 10:08:32.154"/>
</kw>
<kw name="Input Text" library="SeleniumLibrary">
<arg>${EMAIL_INPUT}</arg>
<arg>${INPUT_DATA}[5]</arg>
<doc>Types the given ``text`` into the text field identified by ``locator``.</doc>
<msg timestamp="20221013 10:08:32.154" level="INFO">Typing text 'lpalmer@timepath.co.uk' into text field 'css=input[ng-reflect-name='labelEmail']'.</msg>
<status status="PASS" starttime="20221013 10:08:32.154" endtime="20221013 10:08:32.242"/>
</kw>
<kw name="Input Text" library="SeleniumLibrary">
<arg>${FIRST_NAME_INPUT}</arg>
<arg>${INPUT_DATA}[0]</arg>
<doc>Types the given ``text`` into the text field identified by ``locator``.</doc>
<msg timestamp="20221013 10:08:32.242" level="INFO">Typing text 'Lara' into text field 'css=input[ng-reflect-name='labelFirstName']'.</msg>
<status status="PASS" starttime="20221013 10:08:32.242" endtime="20221013 10:08:32.283"/>
</kw>
<kw name="Input Text" library="SeleniumLibrary">
<arg>${LAST_NAME_INPUT}</arg>
<arg>${INPUT_DATA}[1]</arg>
<doc>Types the given ``text`` into the text field identified by ``locator``.</doc>
<msg timestamp="20221013 10:08:32.291" level="INFO">Typing text 'Palmer' into text field 'css=input[ng-reflect-name='labelLastName']'.</msg>
<status status="PASS" starttime="20221013 10:08:32.283" endtime="20221013 10:08:32.347"/>
</kw>
<kw name="Input Text" library="SeleniumLibrary">
<arg>${PHONE_INPUT}</arg>
<arg>${INPUT_DATA}[6]</arg>
<doc>Types the given ``text`` into the text field identified by ``locator``.</doc>
<msg timestamp="20221013 10:08:32.347" level="INFO">Typing text '40731653845' into text field 'css=input[ng-reflect-name='labelPhone']'.</msg>
<status status="PASS" starttime="20221013 10:08:32.347" endtime="20221013 10:08:32.403"/>
</kw>
<kw name="Input Text" library="SeleniumLibrary">
<arg>${ROLE_INPUT}</arg>
<arg>${INPUT_DATA}[3]</arg>
<doc>Types the given ``text`` into the text field identified by ``locator``.</doc>
<msg timestamp="20221013 10:08:32.403" level="INFO">Typing text 'Programmer' into text field 'css=input[ng-reflect-name='labelRole']'.</msg>
<status status="PASS" starttime="20221013 10:08:32.403" endtime="20221013 10:08:32.451"/>
</kw>
<kw name="Sleep" library="BuiltIn">
<arg>2s</arg>
<doc>Pauses the test executed for the given time.</doc>
<msg timestamp="20221013 10:08:34.464" level="INFO">Slept 2 seconds</msg>
<status status="PASS" starttime="20221013 10:08:32.451" endtime="20221013 10:08:34.464"/>
</kw>
<status status="PASS" starttime="20221013 10:08:32.021" endtime="20221013 10:08:34.464"/>
</kw>
<kw name="Click &quot;Submit&quot; Button" library="InputPage">
<kw name="Click Button" library="SeleniumLibrary">
<arg>${SUBMIT_BUTTON}</arg>
<doc>Clicks the button identified by ``locator``.</doc>
<msg timestamp="20221013 10:08:34.464" level="INFO">Clicking button 'css=input[value='Submit']'.</msg>
<status status="PASS" starttime="20221013 10:08:34.464" endtime="20221013 10:08:34.712"/>
</kw>
<status status="PASS" starttime="20221013 10:08:34.464" endtime="20221013 10:08:34.712"/>
</kw>
<kw name="Verify Input Page Loaded" library="InputPage">
<kw name="Wait Until Page Contains Element" library="SeleniumLibrary">
<arg>${ADDRESS_INPUT}</arg>
<arg>timeout=15s</arg>
<doc>Waits until the element ``locator`` appears on the current page.</doc>
<status status="PASS" starttime="20221013 10:08:34.712" endtime="20221013 10:08:34.712"/>
</kw>
<kw name="Wait Until Page Contains Element" library="SeleniumLibrary">
<arg>${COMPANY_INPUT}</arg>
<arg>timeout=15s</arg>
<doc>Waits until the element ``locator`` appears on the current page.</doc>
<status status="PASS" starttime="20221013 10:08:34.712" endtime="20221013 10:08:34.720"/>
</kw>
<kw name="Wait Until Page Contains Element" library="SeleniumLibrary">
<arg>${EMAIL_INPUT}</arg>
<arg>timeout=15s</arg>
<doc>Waits until the element ``locator`` appears on the current page.</doc>
<status status="PASS" starttime="20221013 10:08:34.720" endtime="20221013 10:08:34.728"/>
</kw>
<kw name="Wait Until Page Contains Element" library="SeleniumLibrary">
<arg>${FIRST_NAME_INPUT}</arg>
<arg>timeout=15s</arg>
<doc>Waits until the element ``locator`` appears on the current page.</doc>
<status status="PASS" starttime="20221013 10:08:34.728" endtime="20221013 10:08:34.736"/>
</kw>
<kw name="Wait Until Page Contains Element" library="SeleniumLibrary">
<arg>${LAST_NAME_INPUT}</arg>
<arg>timeout=15s</arg>
<doc>Waits until the element ``locator`` appears on the current page.</doc>
<status status="PASS" starttime="20221013 10:08:34.736" endtime="20221013 10:08:34.736"/>
</kw>
<kw name="Wait Until Page Contains Element" library="SeleniumLibrary">
<arg>${PHONE_INPUT}</arg>
<arg>timeout=15s</arg>
<doc>Waits until the element ``locator`` appears on the current page.</doc>
<status status="PASS" starttime="20221013 10:08:34.736" endtime="20221013 10:08:34.744"/>
</kw>
<kw name="Wait Until Page Contains Element" library="SeleniumLibrary">
<arg>${ROLE_INPUT}</arg>
<arg>timeout=15s</arg>
<doc>Waits until the element ``locator`` appears on the current page.</doc>
<status status="PASS" starttime="20221013 10:08:34.744" endtime="20221013 10:08:34.752"/>
</kw>
<status status="PASS" starttime="20221013 10:08:34.712" endtime="20221013 10:08:34.752"/>
</kw>
<kw name="Clear List Values" library="ExcelProcessing">
<for flavor="IN">
<var>${elem}</var>
<value>@{INPUT_DATA}</value>
<iter>
<var name="${elem}">Lara</var>
<kw name="Remove Values From List" library="Collections">
<arg>${INPUT_DATA}</arg>
<arg>${elem}</arg>
<doc>Removes all occurrences of given ``values`` from ``list``.</doc>
<status status="PASS" starttime="20221013 10:08:34.752" endtime="20221013 10:08:34.752"/>
</kw>
<status status="PASS" starttime="20221013 10:08:34.752" endtime="20221013 10:08:34.752"/>
</iter>
<iter>
<var name="${elem}">Palmer</var>
<kw name="Remove Values From List" library="Collections">
<arg>${INPUT_DATA}</arg>
<arg>${elem}</arg>
<doc>Removes all occurrences of given ``values`` from ``list``.</doc>
<status status="PASS" starttime="20221013 10:08:34.752" endtime="20221013 10:08:34.752"/>
</kw>
<status status="PASS" starttime="20221013 10:08:34.752" endtime="20221013 10:08:34.752"/>
</iter>
<iter>
<var name="${elem}">Timepath Inc.</var>
<kw name="Remove Values From List" library="Collections">
<arg>${INPUT_DATA}</arg>
<arg>${elem}</arg>
<doc>Removes all occurrences of given ``values`` from ``list``.</doc>
<status status="PASS" starttime="20221013 10:08:34.752" endtime="20221013 10:08:34.752"/>
</kw>
<status status="PASS" starttime="20221013 10:08:34.752" endtime="20221013 10:08:34.752"/>
</iter>
<iter>
<var name="${elem}">Programmer</var>
<kw name="Remove Values From List" library="Collections">
<arg>${INPUT_DATA}</arg>
<arg>${elem}</arg>
<doc>Removes all occurrences of given ``values`` from ``list``.</doc>
<status status="PASS" starttime="20221013 10:08:34.752" endtime="20221013 10:08:34.752"/>
</kw>
<status status="PASS" starttime="20221013 10:08:34.752" endtime="20221013 10:08:34.752"/>
</iter>
<iter>
<var name="${elem}">87 Orange Street</var>
<kw name="Remove Values From List" library="Collections">
<arg>${INPUT_DATA}</arg>
<arg>${elem}</arg>
<doc>Removes all occurrences of given ``values`` from ``list``.</doc>
<status status="PASS" starttime="20221013 10:08:34.752" endtime="20221013 10:08:34.752"/>
</kw>
<status status="PASS" starttime="20221013 10:08:34.752" endtime="20221013 10:08:34.752"/>
</iter>
<iter>
<var name="${elem}">lpalmer@timepath.co.uk</var>
<kw name="Remove Values From List" library="Collections">
<arg>${INPUT_DATA}</arg>
<arg>${elem}</arg>
<doc>Removes all occurrences of given ``values`` from ``list``.</doc>
<status status="PASS" starttime="20221013 10:08:34.752" endtime="20221013 10:08:34.752"/>
</kw>
<status status="PASS" starttime="20221013 10:08:34.752" endtime="20221013 10:08:34.752"/>
</iter>
<iter>
<var name="${elem}">40731653845</var>
<kw name="Remove Values From List" library="Collections">
<arg>${INPUT_DATA}</arg>
<arg>${elem}</arg>
<doc>Removes all occurrences of given ``values`` from ``list``.</doc>
<status status="PASS" starttime="20221013 10:08:34.752" endtime="20221013 10:08:34.752"/>
</kw>
<status status="PASS" starttime="20221013 10:08:34.752" endtime="20221013 10:08:34.752"/>
</iter>
<status status="PASS" starttime="20221013 10:08:34.752" endtime="20221013 10:08:34.752"/>
</for>
<status status="PASS" starttime="20221013 10:08:34.752" endtime="20221013 10:08:34.752"/>
</kw>
<status status="PASS" starttime="20221013 10:08:31.989" endtime="20221013 10:08:34.752"/>
</iter>
<status status="PASS" starttime="20221013 10:08:07.279" endtime="20221013 10:08:34.752"/>
</for>
<status status="PASS" starttime="20221013 10:08:07.279" endtime="20221013 10:08:34.752"/>
</kw>
<kw name="End Web Test" library="Common" type="TEARDOWN">
<kw name="Close Browser" library="SeleniumLibrary">
<doc>Closes the current browser.</doc>
<status status="PASS" starttime="20221013 10:08:34.752" endtime="20221013 10:08:35.918"/>
</kw>
<kw name="Close Excel File" library="ExcelProcessing">
<kw name="Close Current Excel Document" library="ExcelLibrary">
<doc>Closes current document.</doc>
<status status="PASS" starttime="20221013 10:08:35.934" endtime="20221013 10:08:35.934"/>
</kw>
<status status="PASS" starttime="20221013 10:08:35.934" endtime="20221013 10:08:35.934"/>
</kw>
<status status="PASS" starttime="20221013 10:08:34.752" endtime="20221013 10:08:35.934"/>
</kw>
<doc>Task loops through source excel file and inputs the data into corresponding input fields of specific webpage</doc>
<status status="PASS" starttime="20221013 10:07:58.179" endtime="20221013 10:08:35.934"/>
</test>
<status status="PASS" starttime="20221013 10:07:57.585" endtime="20221013 10:08:35.934"/>
</suite>
<statistics>
<total>
<stat pass="1" fail="0" skip="0">All Tasks</stat>
</total>
<tag>
</tag>
<suite>
<stat pass="1" fail="0" skip="0" id="s1" name="InputForms">InputForms</stat>
</suite>
</statistics>
<errors>
</errors>
</robot>
