<?xml version="1.0" encoding="UTF-8"?>
<robot generator="Robot 5.0.1 (Python 3.10.7 on win32)" generated="20221012 23:28:02.606" rpa="true" schemaversion="3">
<suite id="s1" name="InputForms" source="C:\development\robot-scripts\input-forms\tests\InputForms.robot">
<test id="s1-t1" name="Input data" line="15">
<kw name="Begin Web Test" library="Common" type="SETUP">
<kw name="Open Browser" library="SeleniumLibrary">
<arg>about:blank</arg>
<arg>${BROWSER}</arg>
<doc>Opens a new browser instance to the optional ``url``.</doc>
<msg timestamp="20221012 23:28:03.185" level="INFO">Opening browser 'firefox' to base url 'about:blank'.</msg>
<msg timestamp="20221012 23:28:03.200" level="INFO">Firefox driver log is always forced to to: C:\development\robot-scripts\input-forms\results\geckodriver-70.log</msg>
<msg timestamp="20221012 23:28:06.294" level="INFO">Cannot capture screenshot because no browser is open.</msg>
<status status="FAIL" starttime="20221012 23:28:03.185" endtime="20221012 23:28:06.294"/>
</kw>
<status status="FAIL" starttime="20221012 23:28:03.185" endtime="20221012 23:28:06.294"/>
</kw>
<kw name="End Web Test" library="Common" type="TEARDOWN">
<kw name="Close Browser" library="SeleniumLibrary">
<doc>Closes the current browser.</doc>
<status status="PASS" starttime="20221012 23:28:06.294" endtime="20221012 23:28:06.294"/>
</kw>
<status status="PASS" starttime="20221012 23:28:06.294" endtime="20221012 23:28:06.294"/>
</kw>
<doc>Task imports</doc>
<status status="FAIL" starttime="20221012 23:28:03.185" endtime="20221012 23:28:06.294">Setup failed:
Execution terminated by signal</status>
</test>
<status status="FAIL" starttime="20221012 23:28:02.606" endtime="20221012 23:28:06.294"/>
</suite>
<statistics>
<total>
<stat pass="0" fail="1" skip="0">All Tasks</stat>
</total>
<tag>
</tag>
<suite>
<stat pass="0" fail="1" skip="0" id="s1" name="InputForms">InputForms</stat>
</suite>
</statistics>
<errors>
</errors>
</robot>
